{"/home/travis/build/npmtest/node-npmtest-minimongo/test.js":{"path":"/home/travis/build/npmtest/node-npmtest-minimongo/test.js","s":{"1":2,"2":2,"3":2,"4":2,"5":2,"6":2,"7":2,"8":1,"9":2,"10":2,"11":1,"12":1,"13":1,"14":1,"15":2,"16":2,"17":2,"18":2,"19":1,"20":1,"21":2,"22":2,"23":2,"24":1,"25":1,"26":1,"27":1,"28":1,"29":1,"30":1,"31":1,"32":1,"33":1,"34":1,"35":1,"36":1,"37":1,"38":1,"39":2,"40":2,"41":1,"42":2,"43":2,"44":1,"45":2,"46":2,"47":1,"48":2,"49":2,"50":1,"51":1,"52":1,"53":1,"54":1},"b":{"1":[2,1,1,1],"2":[1,1,1,1],"3":[1,1],"4":[1,1],"5":[1,1],"6":[1,1],"7":[1,1],"8":[1,1],"9":[1,1],"10":[1,1,1],"11":[1,1],"12":[1,1],"13":[1,1],"14":[1,1],"15":[1,1],"16":[1,1],"17":[1,1]},"f":{"1":2,"2":2,"3":2,"4":2,"5":2,"6":1,"7":1,"8":1,"9":2,"10":2,"11":2,"12":2,"13":1},"fnMap":{"1":{"name":"(anonymous_1)","line":12,"loc":{"start":{"line":12,"column":1},"end":{"line":12,"column":13}}},"2":{"name":"(anonymous_2)","line":19,"loc":{"start":{"line":19,"column":5},"end":{"line":19,"column":17}}},"3":{"name":"(anonymous_3)","line":23,"loc":{"start":{"line":23,"column":24},"end":{"line":23,"column":36}}},"4":{"name":"(anonymous_4)","line":61,"loc":{"start":{"line":61,"column":5},"end":{"line":61,"column":17}}},"5":{"name":"(anonymous_5)","line":82,"loc":{"start":{"line":82,"column":5},"end":{"line":82,"column":17}}},"6":{"name":"(anonymous_6)","line":91,"loc":{"start":{"line":91,"column":77},"end":{"line":94,"column":10}}},"7":{"name":"(anonymous_7)","line":112,"loc":{"start":{"line":112,"column":83},"end":{"line":115,"column":10}},"skip":true},"8":{"name":"(anonymous_8)","line":123,"loc":{"start":{"line":123,"column":77},"end":{"line":126,"column":10}},"skip":true},"9":{"name":"(anonymous_9)","line":139,"loc":{"start":{"line":139,"column":12},"end":{"line":139,"column":40}},"skip":true},"10":{"name":"(anonymous_10)","line":147,"loc":{"start":{"line":147,"column":77},"end":{"line":150,"column":10}},"skip":true},"11":{"name":"(anonymous_11)","line":158,"loc":{"start":{"line":158,"column":83},"end":{"line":161,"column":10}},"skip":true},"12":{"name":"(anonymous_12)","line":169,"loc":{"start":{"line":169,"column":79},"end":{"line":172,"column":10}},"skip":true},"13":{"name":"(anonymous_13)","line":180,"loc":{"start":{"line":180,"column":75},"end":{"line":183,"column":10}},"skip":true}},"statementMap":{"1":{"start":{"line":12,"column":0},"end":{"line":195,"column":5}},"2":{"start":{"line":14,"column":4},"end":{"line":14,"column":14}},"3":{"start":{"line":19,"column":4},"end":{"line":56,"column":9}},"4":{"start":{"line":21,"column":8},"end":{"line":21,"column":19}},"5":{"start":{"line":23,"column":8},"end":{"line":35,"column":13}},"6":{"start":{"line":24,"column":12},"end":{"line":34,"column":13}},"7":{"start":{"line":25,"column":16},"end":{"line":28,"column":30}},"8":{"start":{"line":30,"column":16},"end":{"line":33,"column":27}},"9":{"start":{"line":37,"column":8},"end":{"line":39,"column":21}},"10":{"start":{"line":40,"column":8},"end":{"line":53,"column":9}},"11":{"start":{"line":43,"column":12},"end":{"line":46,"column":14}},"12":{"start":{"line":47,"column":12},"end":{"line":47,"column":18}},"13":{"start":{"line":50,"column":12},"end":{"line":51,"column":46}},"14":{"start":{"line":52,"column":12},"end":{"line":52,"column":18}},"15":{"start":{"line":55,"column":8},"end":{"line":55,"column":35}},"16":{"start":{"line":61,"column":4},"end":{"line":63,"column":9}},"17":{"start":{"line":62,"column":8},"end":{"line":62,"column":15}},"18":{"start":{"line":64,"column":4},"end":{"line":77,"column":5}},"19":{"start":{"line":70,"column":8},"end":{"line":70,"column":14}},"20":{"start":{"line":76,"column":8},"end":{"line":76,"column":14}},"21":{"start":{"line":82,"column":4},"end":{"line":84,"column":9}},"22":{"start":{"line":83,"column":8},"end":{"line":83,"column":15}},"23":{"start":{"line":85,"column":4},"end":{"line":194,"column":5}},"24":{"start":{"line":91,"column":8},"end":{"line":99,"column":10}},"25":{"start":{"line":98,"column":12},"end":{"line":98,"column":35}},"26":{"start":{"line":102,"column":8},"end":{"line":104,"column":63}},"27":{"start":{"line":105,"column":8},"end":{"line":105,"column":14}},"28":{"start":{"line":112,"column":8},"end":{"line":121,"column":10},"skip":true},"29":{"start":{"line":119,"column":12},"end":{"line":119,"column":55},"skip":true},"30":{"start":{"line":120,"column":12},"end":{"line":120,"column":48},"skip":true},"31":{"start":{"line":123,"column":8},"end":{"line":136,"column":10},"skip":true},"32":{"start":{"line":130,"column":12},"end":{"line":130,"column":76},"skip":true},"33":{"start":{"line":131,"column":12},"end":{"line":131,"column":73},"skip":true},"34":{"start":{"line":132,"column":12},"end":{"line":132,"column":74},"skip":true},"35":{"start":{"line":133,"column":12},"end":{"line":133,"column":79},"skip":true},"36":{"start":{"line":134,"column":12},"end":{"line":134,"column":25},"skip":true},"37":{"start":{"line":135,"column":12},"end":{"line":135,"column":45},"skip":true},"38":{"start":{"line":138,"column":8},"end":{"line":145,"column":14},"skip":true},"39":{"start":{"line":143,"column":16},"end":{"line":143,"column":29},"skip":true},"40":{"start":{"line":144,"column":16},"end":{"line":144,"column":55},"skip":true},"41":{"start":{"line":147,"column":8},"end":{"line":156,"column":10},"skip":true},"42":{"start":{"line":154,"column":12},"end":{"line":154,"column":25},"skip":true},"43":{"start":{"line":155,"column":12},"end":{"line":155,"column":45},"skip":true},"44":{"start":{"line":158,"column":8},"end":{"line":167,"column":10},"skip":true},"45":{"start":{"line":165,"column":12},"end":{"line":165,"column":25},"skip":true},"46":{"start":{"line":166,"column":12},"end":{"line":166,"column":48},"skip":true},"47":{"start":{"line":169,"column":8},"end":{"line":178,"column":10},"skip":true},"48":{"start":{"line":176,"column":12},"end":{"line":176,"column":25},"skip":true},"49":{"start":{"line":177,"column":12},"end":{"line":177,"column":46},"skip":true},"50":{"start":{"line":180,"column":8},"end":{"line":189,"column":10},"skip":true},"51":{"start":{"line":187,"column":12},"end":{"line":187,"column":94},"skip":true},"52":{"start":{"line":188,"column":12},"end":{"line":188,"column":48},"skip":true},"53":{"start":{"line":192,"column":8},"end":{"line":192,"column":35},"skip":true},"54":{"start":{"line":193,"column":8},"end":{"line":193,"column":14},"skip":true}},"branchMap":{"1":{"line":25,"type":"binary-expr","locations":[{"start":{"line":25,"column":23},"end":{"line":25,"column":62}},{"start":{"line":26,"column":20},"end":{"line":26,"column":70}},{"start":{"line":27,"column":20},"end":{"line":27,"column":71}},{"start":{"line":28,"column":20},"end":{"line":28,"column":29}}]},"2":{"line":30,"type":"binary-expr","locations":[{"start":{"line":30,"column":23},"end":{"line":30,"column":37}},{"start":{"line":31,"column":20},"end":{"line":31,"column":61}},{"start":{"line":32,"column":20},"end":{"line":32,"column":70}},{"start":{"line":33,"column":20},"end":{"line":33,"column":26}}]},"3":{"line":37,"type":"cond-expr","locations":[{"start":{"line":38,"column":14},"end":{"line":38,"column":20}},{"start":{"line":39,"column":14},"end":{"line":39,"column":20}}]},"4":{"line":40,"type":"switch","locations":[{"start":{"line":42,"column":8},"end":{"line":47,"column":18}},{"start":{"line":49,"column":8},"end":{"line":52,"column":18}}]},"5":{"line":44,"type":"binary-expr","locations":[{"start":{"line":44,"column":16},"end":{"line":44,"column":44}},{"start":{"line":44,"column":48},"end":{"line":44,"column":66}}]},"6":{"line":50,"type":"binary-expr","locations":[{"start":{"line":50,"column":21},"end":{"line":50,"column":49}},{"start":{"line":50,"column":53},"end":{"line":50,"column":72}}]},"7":{"line":64,"type":"switch","locations":[{"start":{"line":69,"column":4},"end":{"line":70,"column":14}},{"start":{"line":75,"column":4},"end":{"line":76,"column":14}}]},"8":{"line":85,"type":"switch","locations":[{"start":{"line":90,"column":4},"end":{"line":105,"column":14}},{"start":{"line":111,"column":4},"end":{"line":193,"column":14},"skip":true}]},"9":{"line":91,"type":"binary-expr","locations":[{"start":{"line":91,"column":42},"end":{"line":91,"column":73}},{"start":{"line":91,"column":77},"end":{"line":99,"column":9}}]},"10":{"line":102,"type":"binary-expr","locations":[{"start":{"line":102,"column":18},"end":{"line":102,"column":32}},{"start":{"line":103,"column":12},"end":{"line":103,"column":53}},{"start":{"line":104,"column":12},"end":{"line":104,"column":61}}]},"11":{"line":112,"type":"binary-expr","locations":[{"start":{"line":112,"column":45},"end":{"line":112,"column":79},"skip":true},{"start":{"line":112,"column":83},"end":{"line":121,"column":9},"skip":true}]},"12":{"line":123,"type":"binary-expr","locations":[{"start":{"line":123,"column":42},"end":{"line":123,"column":73},"skip":true},{"start":{"line":123,"column":77},"end":{"line":136,"column":9},"skip":true}]},"13":{"line":138,"type":"binary-expr","locations":[{"start":{"line":138,"column":48},"end":{"line":138,"column":85},"skip":true},{"start":{"line":139,"column":12},"end":{"line":145,"column":13},"skip":true}]},"14":{"line":147,"type":"binary-expr","locations":[{"start":{"line":147,"column":42},"end":{"line":147,"column":73},"skip":true},{"start":{"line":147,"column":77},"end":{"line":156,"column":9},"skip":true}]},"15":{"line":158,"type":"binary-expr","locations":[{"start":{"line":158,"column":45},"end":{"line":158,"column":79},"skip":true},{"start":{"line":158,"column":83},"end":{"line":167,"column":9},"skip":true}]},"16":{"line":169,"type":"binary-expr","locations":[{"start":{"line":169,"column":43},"end":{"line":169,"column":75},"skip":true},{"start":{"line":169,"column":79},"end":{"line":178,"column":9},"skip":true}]},"17":{"line":180,"type":"binary-expr","locations":[{"start":{"line":180,"column":41},"end":{"line":180,"column":71},"skip":true},{"start":{"line":180,"column":75},"end":{"line":189,"column":9},"skip":true}]}},"code":["/* istanbul instrument in package npmtest_minimongo */","/*jslint","    bitwise: true,","    browser: true,","    maxerr: 8,","    maxlen: 96,","    node: true,","    nomen: true,","    regexp: true,","    stupid: true","*/","(function () {","    'use strict';","    var local;","","","","    // run shared js-env code - pre-init","    (function () {","        // init local","        local = {};","        // init modeJs","        local.modeJs = (function () {","            try {","                return typeof navigator.userAgent === 'string' &&","                    typeof document.querySelector('body') === 'object' &&","                    typeof XMLHttpRequest.prototype.open === 'function' &&","                    'browser';","            } catch (errorCaughtBrowser) {","                return module.exports &&","                    typeof process.versions.node === 'string' &&","                    typeof require('http').createServer === 'function' &&","                    'node';","            }","        }());","        // init global","        local.global = local.modeJs === 'browser'","            ? window","            : global;","        switch (local.modeJs) {","        // re-init local from window.local","        case 'browser':","            local = local.global.utility2.objectSetDefault(","                local.global.utility2_rollup || local.global.local,","                local.global.utility2","            );","            break;","        // re-init local from example.js","        case 'node':","            local = (local.global.utility2_rollup || require('utility2'))","                .requireExampleJsFromReadme();","            break;","        }","        // export local","        local.global.local = local;","    }());","","","","    // run shared js-env code - function","    (function () {","        return;","    }());","    switch (local.modeJs) {","","","","    // run browser js-env code - function","    case 'browser':","        break;","","","","    // run node js-env code - function","    case 'node':","        break;","    }","","","","    // run shared js-env code - post-init","    (function () {","        return;","    }());","    switch (local.modeJs) {","","","","    // run browser js-env code - post-init","    case 'browser':","        local.testCase_browser_nullCase = local.testCase_browser_nullCase || function (","            options,","            onError","        ) {","        /*","         * this function will test browsers's null-case handling-behavior-behavior","         */","            onError(null, options);","        };","","        // run tests","        local.nop(local.modeTest &&","            document.querySelector('#testRunButton1') &&","            document.querySelector('#testRunButton1').click());","        break;","","","","    // run node js-env code - post-init","    /* istanbul ignore next */","    case 'node':","        local.testCase_buildApidoc_default = local.testCase_buildApidoc_default || function (","            options,","            onError","        ) {","        /*","         * this function will test buildApidoc's default handling-behavior-behavior","         */","            options = { modulePathList: module.paths };","            local.buildApidoc(options, onError);","        };","","        local.testCase_buildApp_default = local.testCase_buildApp_default || function (","            options,","            onError","        ) {","        /*","         * this function will test buildApp's default handling-behavior-behavior","         */","            local.testCase_buildReadme_default(options, local.onErrorThrow);","            local.testCase_buildLib_default(options, local.onErrorThrow);","            local.testCase_buildTest_default(options, local.onErrorThrow);","            local.testCase_buildCustomOrg_default(options, local.onErrorThrow);","            options = [];","            local.buildApp(options, onError);","        };","","        local.testCase_buildCustomOrg_default = local.testCase_buildCustomOrg_default ||","            function (options, onError) {","            /*","             * this function will test buildCustomOrg's default handling-behavior","             */","                options = {};","                local.buildCustomOrg(options, onError);","            };","","        local.testCase_buildLib_default = local.testCase_buildLib_default || function (","            options,","            onError","        ) {","        /*","         * this function will test buildLib's default handling-behavior","         */","            options = {};","            local.buildLib(options, onError);","        };","","        local.testCase_buildReadme_default = local.testCase_buildReadme_default || function (","            options,","            onError","        ) {","        /*","         * this function will test buildReadme's default handling-behavior-behavior","         */","            options = {};","            local.buildReadme(options, onError);","        };","","        local.testCase_buildTest_default = local.testCase_buildTest_default || function (","            options,","            onError","        ) {","        /*","         * this function will test buildTest's default handling-behavior","         */","            options = {};","            local.buildTest(options, onError);","        };","","        local.testCase_webpage_default = local.testCase_webpage_default || function (","            options,","            onError","        ) {","        /*","         * this function will test webpage's default handling-behavior","         */","            options = { modeCoverageMerge: true, url: local.serverLocalHost + '?modeTest=1' };","            local.browserTest(options, onError);","        };","","        // run test-server","        local.testRunServer(local);","        break;","    }","}());",""],"l":{"12":2,"14":2,"19":2,"21":2,"23":2,"24":2,"25":2,"30":1,"37":2,"40":2,"43":1,"47":1,"50":1,"52":1,"55":2,"61":2,"62":2,"64":2,"70":1,"76":1,"82":2,"83":2,"85":2,"91":1,"98":1,"102":1,"105":1,"112":1,"119":1,"120":1,"123":1,"130":1,"131":1,"132":1,"133":1,"134":1,"135":1,"138":1,"143":2,"144":2,"147":1,"154":2,"155":2,"158":1,"165":2,"166":2,"169":1,"176":2,"177":2,"180":1,"187":1,"188":1,"192":1,"193":1}},"/home/travis/build/npmtest/node-npmtest-minimongo/lib.npmtest_minimongo.js":{"path":"/home/travis/build/npmtest/node-npmtest-minimongo/lib.npmtest_minimongo.js","s":{"1":2,"2":2,"3":2,"4":2,"5":2,"6":2,"7":2,"8":1,"9":2,"10":2,"11":2,"12":2,"13":1,"14":1,"15":1,"16":1},"b":{"1":[2,1,1,1],"2":[1,1,1,1],"3":[1,1],"4":[2,2],"5":[1,1]},"f":{"1":2,"2":2,"3":2},"fnMap":{"1":{"name":"(anonymous_1)","line":12,"loc":{"start":{"line":12,"column":1},"end":{"line":12,"column":13}}},"2":{"name":"(anonymous_2)","line":19,"loc":{"start":{"line":19,"column":5},"end":{"line":19,"column":17}}},"3":{"name":"(anonymous_3)","line":23,"loc":{"start":{"line":23,"column":24},"end":{"line":23,"column":36}}}},"statementMap":{"1":{"start":{"line":12,"column":0},"end":{"line":53,"column":5}},"2":{"start":{"line":14,"column":4},"end":{"line":14,"column":14}},"3":{"start":{"line":19,"column":4},"end":{"line":52,"column":9}},"4":{"start":{"line":21,"column":8},"end":{"line":21,"column":19}},"5":{"start":{"line":23,"column":8},"end":{"line":35,"column":13}},"6":{"start":{"line":24,"column":12},"end":{"line":34,"column":13}},"7":{"start":{"line":25,"column":16},"end":{"line":28,"column":30}},"8":{"start":{"line":30,"column":16},"end":{"line":33,"column":27}},"9":{"start":{"line":37,"column":8},"end":{"line":39,"column":21}},"10":{"start":{"line":41,"column":8},"end":{"line":41,"column":54}},"11":{"start":{"line":43,"column":8},"end":{"line":43,"column":54}},"12":{"start":{"line":45,"column":8},"end":{"line":51,"column":9}},"13":{"start":{"line":46,"column":12},"end":{"line":46,"column":60}},"14":{"start":{"line":48,"column":12},"end":{"line":48,"column":35}},"15":{"start":{"line":49,"column":12},"end":{"line":49,"column":49}},"16":{"start":{"line":50,"column":12},"end":{"line":50,"column":43}}},"branchMap":{"1":{"line":25,"type":"binary-expr","locations":[{"start":{"line":25,"column":23},"end":{"line":25,"column":62}},{"start":{"line":26,"column":20},"end":{"line":26,"column":70}},{"start":{"line":27,"column":20},"end":{"line":27,"column":71}},{"start":{"line":28,"column":20},"end":{"line":28,"column":29}}]},"2":{"line":30,"type":"binary-expr","locations":[{"start":{"line":30,"column":23},"end":{"line":30,"column":37}},{"start":{"line":31,"column":20},"end":{"line":31,"column":61}},{"start":{"line":32,"column":20},"end":{"line":32,"column":70}},{"start":{"line":33,"column":20},"end":{"line":33,"column":26}}]},"3":{"line":37,"type":"cond-expr","locations":[{"start":{"line":38,"column":14},"end":{"line":38,"column":20}},{"start":{"line":39,"column":14},"end":{"line":39,"column":20}}]},"4":{"line":41,"type":"binary-expr","locations":[{"start":{"line":41,"column":16},"end":{"line":41,"column":44}},{"start":{"line":41,"column":48},"end":{"line":41,"column":53}}]},"5":{"line":45,"type":"if","locations":[{"start":{"line":45,"column":8},"end":{"line":45,"column":8}},{"start":{"line":45,"column":8},"end":{"line":45,"column":8}}]}},"code":["/* istanbul instrument in package npmtest_minimongo */","/*jslint","    bitwise: true,","    browser: true,","    maxerr: 8,","    maxlen: 96,","    node: true,","    nomen: true,","    regexp: true,","    stupid: true","*/","(function () {","    'use strict';","    var local;","","","","    // run shared js-env code - pre-init","    (function () {","        // init local","        local = {};","        // init modeJs","        local.modeJs = (function () {","            try {","                return typeof navigator.userAgent === 'string' &&","                    typeof document.querySelector('body') === 'object' &&","                    typeof XMLHttpRequest.prototype.open === 'function' &&","                    'browser';","            } catch (errorCaughtBrowser) {","                return module.exports &&","                    typeof process.versions.node === 'string' &&","                    typeof require('http').createServer === 'function' &&","                    'node';","            }","        }());","        // init global","        local.global = local.modeJs === 'browser'","            ? window","            : global;","        // init utility2_rollup","        local = local.global.utility2_rollup || local;","        // init lib","        local.local = local.npmtest_minimongo = local;","        // init exports","        if (local.modeJs === 'browser') {","            local.global.utility2_npmtest_minimongo = local;","        } else {","            module.exports = local;","            module.exports.__dirname = __dirname;","            module.exports.module = module;","        }","    }());","}());",""],"l":{"12":2,"14":2,"19":2,"21":2,"23":2,"24":2,"25":2,"30":1,"37":2,"41":2,"43":2,"45":2,"46":1,"48":1,"49":1,"50":1}},"/home/travis/build/npmtest/node-npmtest-minimongo/example.js":{"path":"/home/travis/build/npmtest/node-npmtest-minimongo/example.js","s":{"1":2,"2":2,"3":2,"4":2,"5":2,"6":2,"7":2,"8":1,"9":2,"10":2,"11":2,"12":2,"13":1,"14":2,"15":2,"16":2,"17":2,"18":2,"19":0,"20":2,"21":1,"22":1,"23":1,"24":1,"25":1,"26":0,"27":0,"28":1,"29":1,"30":2,"31":0,"32":0,"33":0,"34":1,"35":2,"36":2,"37":3,"38":3,"39":3,"40":3,"41":0,"42":3,"43":3,"44":3,"45":1,"46":3,"47":1,"48":1,"49":1,"50":1,"51":1,"52":1,"53":1,"54":1,"55":1,"56":1,"57":0,"58":1,"59":6,"60":6,"61":1,"62":2,"63":0,"64":2,"65":1,"66":1,"67":0,"68":0,"69":0,"70":0,"71":0,"72":0,"73":0,"74":0,"75":0,"76":0,"77":0,"78":0,"79":0,"80":0,"81":0,"82":0,"83":0},"b":{"1":[2,1,1,1],"2":[1,1,1,1],"3":[1,1],"4":[2,2],"5":[1,1],"6":[1,1],"7":[2,0],"8":[2,1,1,1,1,1],"9":[0,2,0],"10":[1,1],"11":[2,1,1],"12":[1,0],"13":[0,2],"14":[2,0,0,0,0,0,0],"15":[0,3],"16":[3,0],"17":[1,1],"18":[0,1],"19":[1,2,0,2],"20":[1,0],"21":[1,1],"22":[0,0],"23":[0,0],"24":[0,0],"25":[0,0],"26":[0,0],"27":[0,0],"28":[0,0]},"f":{"1":2,"2":2,"3":2,"4":2,"5":2,"6":2,"7":3,"8":3,"9":3,"10":1,"11":6,"12":0},"fnMap":{"1":{"name":"(anonymous_1)","line":26,"loc":{"start":{"line":26,"column":1},"end":{"line":26,"column":13}}},"2":{"name":"(anonymous_2)","line":33,"loc":{"start":{"line":33,"column":5},"end":{"line":33,"column":17}}},"3":{"name":"(anonymous_3)","line":37,"loc":{"start":{"line":37,"column":24},"end":{"line":37,"column":36}}},"4":{"name":"(anonymous_4)","line":69,"loc":{"start":{"line":69,"column":31},"end":{"line":69,"column":48}},"skip":true},"5":{"name":"(anonymous_5)","line":78,"loc":{"start":{"line":78,"column":26},"end":{"line":78,"column":45}},"skip":true},"6":{"name":"(anonymous_6)","line":123,"loc":{"start":{"line":123,"column":33},"end":{"line":123,"column":48}},"skip":true},"7":{"name":"(anonymous_7)","line":125,"loc":{"start":{"line":125,"column":27},"end":{"line":125,"column":39}},"skip":true},"8":{"name":"(anonymous_8)","line":133,"loc":{"start":{"line":133,"column":59},"end":{"line":133,"column":74}},"skip":true},"9":{"name":"(anonymous_9)","line":143,"loc":{"start":{"line":143,"column":45},"end":{"line":143,"column":62}},"skip":true},"10":{"name":"(anonymous_10)","line":144,"loc":{"start":{"line":144,"column":73},"end":{"line":144,"column":92}},"skip":true},"11":{"name":"(anonymous_11)","line":272,"loc":{"start":{"line":272,"column":51},"end":{"line":272,"column":77}},"skip":true},"12":{"name":"(anonymous_12)","line":314,"loc":{"start":{"line":314,"column":32},"end":{"line":314,"column":61}},"skip":true}},"statementMap":{"1":{"start":{"line":26,"column":0},"end":{"line":325,"column":5}},"2":{"start":{"line":28,"column":4},"end":{"line":28,"column":14}},"3":{"start":{"line":33,"column":4},"end":{"line":60,"column":9}},"4":{"start":{"line":35,"column":8},"end":{"line":35,"column":19}},"5":{"start":{"line":37,"column":8},"end":{"line":49,"column":13}},"6":{"start":{"line":38,"column":12},"end":{"line":48,"column":13}},"7":{"start":{"line":39,"column":16},"end":{"line":42,"column":30}},"8":{"start":{"line":44,"column":16},"end":{"line":47,"column":27}},"9":{"start":{"line":51,"column":8},"end":{"line":53,"column":21}},"10":{"start":{"line":55,"column":8},"end":{"line":57,"column":45}},"11":{"start":{"line":59,"column":8},"end":{"line":59,"column":35}},"12":{"start":{"line":61,"column":4},"end":{"line":324,"column":5}},"13":{"start":{"line":69,"column":8},"end":{"line":121,"column":10},"skip":true},"14":{"start":{"line":70,"column":12},"end":{"line":88,"column":13},"skip":true},"15":{"start":{"line":76,"column":16},"end":{"line":87,"column":19},"skip":true},"16":{"start":{"line":79,"column":20},"end":{"line":86,"column":21},"skip":true},"17":{"start":{"line":82,"column":24},"end":{"line":82,"column":43},"skip":true},"18":{"start":{"line":83,"column":24},"end":{"line":83,"column":30},"skip":true},"19":{"start":{"line":85,"column":24},"end":{"line":85,"column":49},"skip":true},"20":{"start":{"line":89,"column":12},"end":{"line":107,"column":13},"skip":true},"21":{"start":{"line":92,"column":16},"end":{"line":102,"column":17},"skip":true},"22":{"start":{"line":93,"column":20},"end":{"line":93,"column":86},"skip":true},"23":{"start":{"line":94,"column":20},"end":{"line":95,"column":45},"skip":true},"24":{"start":{"line":96,"column":20},"end":{"line":96,"column":42},"skip":true},"25":{"start":{"line":97,"column":20},"end":{"line":97,"column":48},"skip":true},"26":{"start":{"line":100,"column":20},"end":{"line":100,"column":85},"skip":true},"27":{"start":{"line":101,"column":20},"end":{"line":101,"column":96},"skip":true},"28":{"start":{"line":103,"column":16},"end":{"line":103,"column":22},"skip":true},"29":{"start":{"line":106,"column":16},"end":{"line":106,"column":22},"skip":true},"30":{"start":{"line":108,"column":12},"end":{"line":120,"column":13},"skip":true},"31":{"start":{"line":114,"column":16},"end":{"line":119,"column":17},"skip":true},"32":{"start":{"line":116,"column":20},"end":{"line":116,"column":78},"skip":true},"33":{"start":{"line":118,"column":20},"end":{"line":118,"column":47},"skip":true},"34":{"start":{"line":123,"column":8},"end":{"line":141,"column":11},"skip":true},"35":{"start":{"line":124,"column":12},"end":{"line":124,"column":54},"skip":true},"36":{"start":{"line":125,"column":12},"end":{"line":140,"column":14},"skip":true},"37":{"start":{"line":126,"column":16},"end":{"line":126,"column":28},"skip":true},"38":{"start":{"line":127,"column":16},"end":{"line":127,"column":69},"skip":true},"39":{"start":{"line":128,"column":16},"end":{"line":128,"column":75},"skip":true},"40":{"start":{"line":129,"column":16},"end":{"line":131,"column":17},"skip":true},"41":{"start":{"line":130,"column":20},"end":{"line":130,"column":27},"skip":true},"42":{"start":{"line":133,"column":16},"end":{"line":137,"column":36},"skip":true},"43":{"start":{"line":134,"column":20},"end":{"line":136,"column":55},"skip":true},"44":{"start":{"line":139,"column":16},"end":{"line":139,"column":57},"skip":true},"45":{"start":{"line":143,"column":8},"end":{"line":147,"column":11},"skip":true},"46":{"start":{"line":144,"column":12},"end":{"line":146,"column":15},"skip":true},"47":{"start":{"line":145,"column":16},"end":{"line":145,"column":70},"skip":true},"48":{"start":{"line":149,"column":8},"end":{"line":149,"column":31},"skip":true},"49":{"start":{"line":150,"column":8},"end":{"line":150,"column":14},"skip":true},"50":{"start":{"line":158,"column":8},"end":{"line":158,"column":31},"skip":true},"51":{"start":{"line":160,"column":8},"end":{"line":160,"column":33},"skip":true},"52":{"start":{"line":161,"column":8},"end":{"line":161,"column":37},"skip":true},"53":{"start":{"line":162,"column":8},"end":{"line":162,"column":35},"skip":true},"54":{"start":{"line":164,"column":8},"end":{"line":164,"column":50},"skip":true},"55":{"start":{"line":166,"column":8},"end":{"line":256,"column":2},"skip":true},"56":{"start":{"line":258,"column":8},"end":{"line":286,"column":9},"skip":true},"57":{"start":{"line":259,"column":12},"end":{"line":269,"column":14},"skip":true},"58":{"start":{"line":271,"column":12},"end":{"line":285,"column":19},"skip":true},"59":{"start":{"line":274,"column":20},"end":{"line":274,"column":35},"skip":true},"60":{"start":{"line":275,"column":20},"end":{"line":284,"column":21},"skip":true},"61":{"start":{"line":277,"column":24},"end":{"line":277,"column":64},"skip":true},"62":{"start":{"line":279,"column":24},"end":{"line":279,"column":40},"skip":true},"63":{"start":{"line":281,"column":24},"end":{"line":281,"column":40},"skip":true},"64":{"start":{"line":283,"column":24},"end":{"line":283,"column":39},"skip":true},"65":{"start":{"line":288,"column":8},"end":{"line":290,"column":9},"skip":true},"66":{"start":{"line":289,"column":12},"end":{"line":289,"column":18},"skip":true},"67":{"start":{"line":291,"column":8},"end":{"line":293,"column":54},"skip":true},"68":{"start":{"line":294,"column":8},"end":{"line":301,"column":37},"skip":true},"69":{"start":{"line":302,"column":8},"end":{"line":302,"column":82},"skip":true},"70":{"start":{"line":305,"column":8},"end":{"line":307,"column":9},"skip":true},"71":{"start":{"line":306,"column":12},"end":{"line":306,"column":82},"skip":true},"72":{"start":{"line":309,"column":8},"end":{"line":311,"column":9},"skip":true},"73":{"start":{"line":310,"column":12},"end":{"line":310,"column":18},"skip":true},"74":{"start":{"line":312,"column":8},"end":{"line":312,"column":54},"skip":true},"75":{"start":{"line":313,"column":8},"end":{"line":313,"column":69},"skip":true},"76":{"start":{"line":314,"column":8},"end":{"line":322,"column":36},"skip":true},"77":{"start":{"line":315,"column":12},"end":{"line":315,"column":61},"skip":true},"78":{"start":{"line":316,"column":12},"end":{"line":319,"column":13},"skip":true},"79":{"start":{"line":317,"column":16},"end":{"line":317,"column":75},"skip":true},"80":{"start":{"line":318,"column":16},"end":{"line":318,"column":23},"skip":true},"81":{"start":{"line":320,"column":12},"end":{"line":320,"column":38},"skip":true},"82":{"start":{"line":321,"column":12},"end":{"line":321,"column":27},"skip":true},"83":{"start":{"line":323,"column":8},"end":{"line":323,"column":14},"skip":true}},"branchMap":{"1":{"line":39,"type":"binary-expr","locations":[{"start":{"line":39,"column":23},"end":{"line":39,"column":62}},{"start":{"line":40,"column":20},"end":{"line":40,"column":70}},{"start":{"line":41,"column":20},"end":{"line":41,"column":71}},{"start":{"line":42,"column":20},"end":{"line":42,"column":29}}]},"2":{"line":44,"type":"binary-expr","locations":[{"start":{"line":44,"column":23},"end":{"line":44,"column":37}},{"start":{"line":45,"column":20},"end":{"line":45,"column":61}},{"start":{"line":46,"column":20},"end":{"line":46,"column":70}},{"start":{"line":47,"column":20},"end":{"line":47,"column":26}}]},"3":{"line":51,"type":"cond-expr","locations":[{"start":{"line":52,"column":14},"end":{"line":52,"column":20}},{"start":{"line":53,"column":14},"end":{"line":53,"column":20}}]},"4":{"line":55,"type":"binary-expr","locations":[{"start":{"line":55,"column":16},"end":{"line":55,"column":44}},{"start":{"line":55,"column":49},"end":{"line":57,"column":43}}]},"5":{"line":55,"type":"cond-expr","locations":[{"start":{"line":56,"column":14},"end":{"line":56,"column":53}},{"start":{"line":57,"column":14},"end":{"line":57,"column":43}}]},"6":{"line":61,"type":"switch","locations":[{"start":{"line":68,"column":4},"end":{"line":150,"column":14},"skip":true},{"start":{"line":156,"column":4},"end":{"line":323,"column":14},"skip":true}]},"7":{"line":70,"type":"if","locations":[{"start":{"line":70,"column":12},"end":{"line":70,"column":12},"skip":true},{"start":{"line":70,"column":12},"end":{"line":70,"column":12},"skip":true}]},"8":{"line":70,"type":"binary-expr","locations":[{"start":{"line":70,"column":16},"end":{"line":70,"column":22},"skip":true},{"start":{"line":70,"column":27},"end":{"line":70,"column":32},"skip":true},{"start":{"line":71,"column":20},"end":{"line":71,"column":39},"skip":true},{"start":{"line":72,"column":20},"end":{"line":72,"column":49},"skip":true},{"start":{"line":73,"column":20},"end":{"line":73,"column":58},"skip":true},{"start":{"line":74,"column":20},"end":{"line":74,"column":69},"skip":true}]},"9":{"line":79,"type":"switch","locations":[{"start":{"line":80,"column":20},"end":{"line":80,"column":33},"skip":true},{"start":{"line":81,"column":20},"end":{"line":83,"column":30},"skip":true},{"start":{"line":84,"column":20},"end":{"line":85,"column":49},"skip":true}]},"10":{"line":89,"type":"switch","locations":[{"start":{"line":90,"column":12},"end":{"line":103,"column":22},"skip":true},{"start":{"line":105,"column":12},"end":{"line":106,"column":22},"skip":true}]},"11":{"line":89,"type":"binary-expr","locations":[{"start":{"line":89,"column":20},"end":{"line":89,"column":25},"skip":true},{"start":{"line":89,"column":29},"end":{"line":89,"column":48},"skip":true},{"start":{"line":89,"column":52},"end":{"line":89,"column":74},"skip":true}]},"12":{"line":92,"type":"if","locations":[{"start":{"line":92,"column":16},"end":{"line":92,"column":16},"skip":true},{"start":{"line":92,"column":16},"end":{"line":92,"column":16},"skip":true}]},"13":{"line":108,"type":"if","locations":[{"start":{"line":108,"column":12},"end":{"line":108,"column":12},"skip":true},{"start":{"line":108,"column":12},"end":{"line":108,"column":12},"skip":true}]},"14":{"line":108,"type":"binary-expr","locations":[{"start":{"line":108,"column":16},"end":{"line":108,"column":61},"skip":true},{"start":{"line":108,"column":66},"end":{"line":108,"column":72},"skip":true},{"start":{"line":108,"column":77},"end":{"line":108,"column":82},"skip":true},{"start":{"line":109,"column":20},"end":{"line":109,"column":39},"skip":true},{"start":{"line":110,"column":20},"end":{"line":110,"column":49},"skip":true},{"start":{"line":111,"column":20},"end":{"line":111,"column":58},"skip":true},{"start":{"line":112,"column":20},"end":{"line":112,"column":68},"skip":true}]},"15":{"line":129,"type":"if","locations":[{"start":{"line":129,"column":16},"end":{"line":129,"column":16},"skip":true},{"start":{"line":129,"column":16},"end":{"line":129,"column":16},"skip":true}]},"16":{"line":134,"type":"cond-expr","locations":[{"start":{"line":135,"column":26},"end":{"line":135,"column":29},"skip":true},{"start":{"line":136,"column":26},"end":{"line":136,"column":54},"skip":true}]},"17":{"line":164,"type":"binary-expr","locations":[{"start":{"line":164,"column":27},"end":{"line":164,"column":43},"skip":true},{"start":{"line":164,"column":47},"end":{"line":164,"column":49},"skip":true}]},"18":{"line":258,"type":"if","locations":[{"start":{"line":258,"column":8},"end":{"line":258,"column":8},"skip":true},{"start":{"line":258,"column":8},"end":{"line":258,"column":8},"skip":true}]},"19":{"line":275,"type":"switch","locations":[{"start":{"line":276,"column":20},"end":{"line":277,"column":64},"skip":true},{"start":{"line":278,"column":20},"end":{"line":279,"column":40},"skip":true},{"start":{"line":280,"column":20},"end":{"line":281,"column":40},"skip":true},{"start":{"line":282,"column":20},"end":{"line":283,"column":39},"skip":true}]},"20":{"line":288,"type":"if","locations":[{"start":{"line":288,"column":8},"end":{"line":288,"column":8},"skip":true},{"start":{"line":288,"column":8},"end":{"line":288,"column":8},"skip":true}]},"21":{"line":288,"type":"binary-expr","locations":[{"start":{"line":288,"column":12},"end":{"line":288,"column":40},"skip":true},{"start":{"line":288,"column":44},"end":{"line":288,"column":67},"skip":true}]},"22":{"line":292,"type":"binary-expr","locations":[{"start":{"line":292,"column":12},"end":{"line":292,"column":50},"skip":true},{"start":{"line":293,"column":12},"end":{"line":293,"column":53},"skip":true}]},"23":{"line":295,"type":"binary-expr","locations":[{"start":{"line":295,"column":12},"end":{"line":295,"column":67},"skip":true},{"start":{"line":296,"column":12},"end":{"line":301,"column":36},"skip":true}]},"24":{"line":302,"type":"binary-expr","locations":[{"start":{"line":302,"column":43},"end":{"line":302,"column":75},"skip":true},{"start":{"line":302,"column":79},"end":{"line":302,"column":81},"skip":true}]},"25":{"line":305,"type":"if","locations":[{"start":{"line":305,"column":8},"end":{"line":305,"column":8},"skip":true},{"start":{"line":305,"column":8},"end":{"line":305,"column":8},"skip":true}]},"26":{"line":309,"type":"if","locations":[{"start":{"line":309,"column":8},"end":{"line":309,"column":8},"skip":true},{"start":{"line":309,"column":8},"end":{"line":309,"column":8},"skip":true}]},"27":{"line":312,"type":"binary-expr","locations":[{"start":{"line":312,"column":27},"end":{"line":312,"column":43},"skip":true},{"start":{"line":312,"column":47},"end":{"line":312,"column":53},"skip":true}]},"28":{"line":316,"type":"if","locations":[{"start":{"line":316,"column":12},"end":{"line":316,"column":12},"skip":true},{"start":{"line":316,"column":12},"end":{"line":316,"column":12},"skip":true}]}},"code":["/*","example.js","","quickstart example","","instruction","    1. save this script as example.js","    2. run the shell command:","        $ npm install npmtest-minimongo && PORT=8081 node example.js","    3. play with the browser-demo on http://127.0.0.1:8081","*/","","","","/* istanbul instrument in package npmtest_minimongo */","/*jslint","    bitwise: true,","    browser: true,","    maxerr: 8,","    maxlen: 96,","    node: true,","    nomen: true,","    regexp: true,","    stupid: true","*/","(function () {","    'use strict';","    var local;","","","","    // run shared js-env code - pre-init","    (function () {","        // init local","        local = {};","        // init modeJs","        local.modeJs = (function () {","            try {","                return typeof navigator.userAgent === 'string' &&","                    typeof document.querySelector('body') === 'object' &&","                    typeof XMLHttpRequest.prototype.open === 'function' &&","                    'browser';","            } catch (errorCaughtBrowser) {","                return module.exports &&","                    typeof process.versions.node === 'string' &&","                    typeof require('http').createServer === 'function' &&","                    'node';","            }","        }());","        // init global","        local.global = local.modeJs === 'browser'","            ? window","            : global;","        // init utility2_rollup","        local = local.global.utility2_rollup || (local.modeJs === 'browser'","            ? local.global.utility2_npmtest_minimongo","            : global.utility2_moduleExports);","        // export local","        local.global.local = local;","    }());","    switch (local.modeJs) {","","","","    // post-init","    // run browser js-env code - post-init","    /* istanbul ignore next */","    case 'browser':","        local.testRunBrowser = function (event) {","            if (!event || (event &&","                    event.currentTarget &&","                    event.currentTarget.className &&","                    event.currentTarget.className.includes &&","                    event.currentTarget.className.includes('onreset'))) {","                // reset output","                Array.from(","                    document.querySelectorAll('body > .resettable')","                ).forEach(function (element) {","                    switch (element.tagName) {","                    case 'INPUT':","                    case 'TEXTAREA':","                        element.value = '';","                        break;","                    default:","                        element.textContent = '';","                    }","                });","            }","            switch (event && event.currentTarget && event.currentTarget.id) {","            case 'testRunButton1':","                // show tests","                if (document.querySelector('#testReportDiv1').style.display === 'none') {","                    document.querySelector('#testReportDiv1').style.display = 'block';","                    document.querySelector('#testRunButton1').textContent =","                        'hide internal test';","                    local.modeTest = true;","                    local.testRunDefault(local);","                // hide tests","                } else {","                    document.querySelector('#testReportDiv1').style.display = 'none';","                    document.querySelector('#testRunButton1').textContent = 'run internal test';","                }","                break;","            // custom-case","            default:","                break;","            }","            if (document.querySelector('#inputTextareaEval1') && (!event || (event &&","                    event.currentTarget &&","                    event.currentTarget.className &&","                    event.currentTarget.className.includes &&","                    event.currentTarget.className.includes('oneval')))) {","                // try to eval input-code","                try {","                    /*jslint evil: true*/","                    eval(document.querySelector('#inputTextareaEval1').value);","                } catch (errorCaught) {","                    console.error(errorCaught);","                }","            }","        };","        // log stderr and stdout to #outputTextareaStdout1","        ['error', 'log'].forEach(function (key) {","            console[key + '_original'] = console[key];","            console[key] = function () {","                var element;","                console[key + '_original'].apply(console, arguments);","                element = document.querySelector('#outputTextareaStdout1');","                if (!element) {","                    return;","                }","                // append text to #outputTextareaStdout1","                element.value += Array.from(arguments).map(function (arg) {","                    return typeof arg === 'string'","                        ? arg","                        : JSON.stringify(arg, null, 4);","                }).join(' ') + '\\n';","                // scroll textarea to bottom","                element.scrollTop = element.scrollHeight;","            };","        });","        // init event-handling","        ['change', 'click', 'keyup'].forEach(function (event) {","            Array.from(document.querySelectorAll('.on' + event)).forEach(function (element) {","                element.addEventListener(event, local.testRunBrowser);","            });","        });","        // run tests","        local.testRunBrowser();","        break;","","","","    // run node js-env code - post-init","    /* istanbul ignore next */","    case 'node':","        // export local","        module.exports = local;","        // require modules","        local.fs = require('fs');","        local.http = require('http');","        local.url = require('url');","        // init assets","        local.assetsDict = local.assetsDict || {};","        /* jslint-ignore-begin */","        local.assetsDict['/assets.index.template.html'] = '\\","<!doctype html>\\n\\","<html lang=\"en\">\\n\\","<head>\\n\\","<meta charset=\"UTF-8\">\\n\\","<meta name=\"viewport\" content=\"width=device-width, initial-scale=1\">\\n\\","<title>{{env.npm_package_name}} (v{{env.npm_package_version}})</title>\\n\\","<style>\\n\\","/*csslint\\n\\","    box-sizing: false,\\n\\","    universal-selector: false\\n\\","*/\\n\\","* {\\n\\","    box-sizing: border-box;\\n\\","}\\n\\","body {\\n\\","    background: #dde;\\n\\","    font-family: Arial, Helvetica, sans-serif;\\n\\","    margin: 2rem;\\n\\","}\\n\\","body > * {\\n\\","    margin-bottom: 1rem;\\n\\","}\\n\\",".utility2FooterDiv {\\n\\","    margin-top: 20px;\\n\\","    text-align: center;\\n\\","}\\n\\","</style>\\n\\","<style>\\n\\","/*csslint\\n\\","*/\\n\\","textarea {\\n\\","    font-family: monospace;\\n\\","    height: 10rem;\\n\\","    width: 100%;\\n\\","}\\n\\","textarea[readonly] {\\n\\","    background: #ddd;\\n\\","}\\n\\","</style>\\n\\","</head>\\n\\","<body>\\n\\","<!-- utility2-comment\\n\\","<div id=\"ajaxProgressDiv1\" style=\"background: #d00; height: 2px; left: 0; margin: 0; padding: 0; position: fixed; top: 0; transition: background 0.5s, width 1.5s; width: 25%;\"></div>\\n\\","utility2-comment -->\\n\\","<h1>\\n\\","<!-- utility2-comment\\n\\","    <a\\n\\","        {{#if env.npm_package_homepage}}\\n\\","        href=\"{{env.npm_package_homepage}}\"\\n\\","        {{/if env.npm_package_homepage}}\\n\\","        target=\"_blank\"\\n\\","    >\\n\\","utility2-comment -->\\n\\","        {{env.npm_package_name}} (v{{env.npm_package_version}})\\n\\","<!-- utility2-comment\\n\\","    </a>\\n\\","utility2-comment -->\\n\\","</h1>\\n\\","<h3>{{env.npm_package_description}}</h3>\\n\\","<!-- utility2-comment\\n\\","<h4><a download href=\"assets.app.js\">download standalone app</a></h4>\\n\\","<button class=\"onclick onreset\" id=\"testRunButton1\">run internal test</button><br>\\n\\","<div id=\"testReportDiv1\" style=\"display: none;\"></div>\\n\\","utility2-comment -->\\n\\","\\n\\","\\n\\","\\n\\","<label>stderr and stdout</label>\\n\\","<textarea class=\"resettable\" id=\"outputTextareaStdout1\" readonly></textarea>\\n\\","<!-- utility2-comment\\n\\","{{#if isRollup}}\\n\\","<script src=\"assets.app.js\"></script>\\n\\","{{#unless isRollup}}\\n\\","utility2-comment -->\\n\\","<script src=\"assets.utility2.rollup.js\"></script>\\n\\","<script src=\"jsonp.utility2._stateInit?callback=window.utility2._stateInit\"></script>\\n\\","<script src=\"assets.npmtest_minimongo.rollup.js\"></script>\\n\\","<script src=\"assets.example.js\"></script>\\n\\","<script src=\"assets.test.js\"></script>\\n\\","<!-- utility2-comment\\n\\","{{/if isRollup}}\\n\\","utility2-comment -->\\n\\","<div class=\"utility2FooterDiv\">\\n\\","    [ this app was created with\\n\\","    <a href=\"https://github.com/kaizhu256/node-utility2\" target=\"_blank\">utility2</a>\\n\\","    ]\\n\\","</div>\\n\\","</body>\\n\\","</html>\\n\\","';","        /* jslint-ignore-end */","        if (local.templateRender) {","            local.assetsDict['/'] = local.templateRender(","                local.assetsDict['/assets.index.template.html'],","                {","                    env: local.objectSetDefault(local.env, {","                        npm_package_description: 'the greatest app in the world!',","                        npm_package_name: 'my-app',","                        npm_package_nameAlias: 'my_app',","                        npm_package_version: '0.0.1'","                    })","                }","            );","        } else {","            local.assetsDict['/'] = local.assetsDict['/assets.index.template.html']","                .replace((/\\{\\{env\\.(\\w+?)\\}\\}/g), function (match0, match1) {","                    // jslint-hack","                    String(match0);","                    switch (match1) {","                    case 'npm_package_description':","                        return 'the greatest app in the world!';","                    case 'npm_package_name':","                        return 'my-app';","                    case 'npm_package_nameAlias':","                        return 'my_app';","                    case 'npm_package_version':","                        return '0.0.1';","                    }","                });","        }","        // run the cli","        if (local.global.utility2_rollup || module !== require.main) {","            break;","        }","        local.assetsDict['/assets.example.js'] =","            local.assetsDict['/assets.example.js'] ||","            local.fs.readFileSync(__filename, 'utf8');","        local.assetsDict['/assets.npmtest_minimongo.rollup.js'] =","            local.assetsDict['/assets.npmtest_minimongo.rollup.js'] ||","            local.fs.readFileSync(","                // buildCustomOrg-hack","                local.npmtest_minimongo.__dirname +","                    '/lib.npmtest_minimongo.js',","                'utf8'","            ).replace((/^#!/), '//');","        local.assetsDict['/favicon.ico'] = local.assetsDict['/favicon.ico'] || '';","        // if $npm_config_timeout_exit exists,","        // then exit this process after $npm_config_timeout_exit ms","        if (Number(process.env.npm_config_timeout_exit)) {","            setTimeout(process.exit, Number(process.env.npm_config_timeout_exit));","        }","        // start server","        if (local.global.utility2_serverHttp1) {","            break;","        }","        process.env.PORT = process.env.PORT || '8081';","        console.error('server starting on port ' + process.env.PORT);","        local.http.createServer(function (request, response) {","            request.urlParsed = local.url.parse(request.url);","            if (local.assetsDict[request.urlParsed.pathname] !== undefined) {","                response.end(local.assetsDict[request.urlParsed.pathname]);","                return;","            }","            response.statusCode = 404;","            response.end();","        }).listen(process.env.PORT);","        break;","    }","}());",""],"l":{"26":2,"28":2,"33":2,"35":2,"37":2,"38":2,"39":2,"44":1,"51":2,"55":2,"59":2,"61":2,"69":1,"70":2,"76":2,"79":2,"82":2,"83":2,"85":1,"89":2,"92":1,"93":1,"94":1,"96":1,"97":1,"100":1,"101":1,"103":1,"106":1,"108":2,"114":1,"116":1,"118":1,"123":1,"124":2,"125":2,"126":3,"127":3,"128":3,"129":3,"130":1,"133":3,"134":3,"139":3,"143":1,"144":3,"145":1,"149":1,"150":1,"158":1,"160":1,"161":1,"162":1,"164":1,"166":1,"258":1,"259":1,"271":1,"274":6,"275":6,"277":1,"279":2,"281":1,"283":2,"288":1,"289":1,"291":1,"294":1,"302":1,"305":1,"306":1,"309":1,"310":1,"312":1,"313":1,"314":1,"315":1,"316":1,"317":1,"318":1,"320":1,"321":1,"323":1}},"/home/travis/build/npmtest/node-npmtest-minimongo/node_modules/minimongo/index.js":{"path":"/home/travis/build/npmtest/node-npmtest-minimongo/node_modules/minimongo/index.js","s":{"1":1,"2":1,"3":1,"4":1,"5":1,"6":1,"7":1,"8":1},"b":{},"f":{},"fnMap":{},"statementMap":{"1":{"start":{"line":1,"column":0},"end":{"line":1,"column":45}},"2":{"start":{"line":2,"column":0},"end":{"line":2,"column":57}},"3":{"start":{"line":3,"column":0},"end":{"line":3,"column":47}},"4":{"start":{"line":4,"column":0},"end":{"line":4,"column":45}},"5":{"start":{"line":5,"column":0},"end":{"line":5,"column":45}},"6":{"start":{"line":6,"column":0},"end":{"line":6,"column":45}},"7":{"start":{"line":7,"column":0},"end":{"line":7,"column":55}},"8":{"start":{"line":8,"column":0},"end":{"line":8,"column":39}}},"branchMap":{},"code":["exports.MemoryDb = require('./lib/MemoryDb');","exports.LocalStorageDb = require('./lib/LocalStorageDb');","exports.IndexedDb = require('./lib/IndexedDb');","exports.WebSQLDb = require('./lib/WebSQLDb');","exports.RemoteDb = require('./lib/RemoteDb');","exports.HybridDb = require('./lib/HybridDb');","exports.ReplicatingDb = require('./lib/ReplicatingDb');","exports.utils = require('./lib/utils');",""],"l":{"1":1,"2":1,"3":1,"4":1,"5":1,"6":1,"7":1,"8":1}},"/home/travis/build/npmtest/node-npmtest-minimongo/node_modules/minimongo/lib/MemoryDb.js":{"path":"/home/travis/build/npmtest/node-npmtest-minimongo/node_modules/minimongo/lib/MemoryDb.js","s":{"1":1,"2":1,"3":1,"4":1,"5":1,"6":1,"7":1,"8":1,"9":1,"10":1,"11":0,"12":1,"13":1,"14":1,"15":1,"16":1,"17":1,"18":0,"19":1,"20":0,"21":0,"22":0,"23":0,"24":1,"25":1,"26":1,"27":1,"28":1,"29":1,"30":1,"31":1,"32":1,"33":1,"34":1,"35":1,"36":1,"37":1,"38":0,"39":1,"40":1,"41":1,"42":1,"43":1,"44":1,"45":1,"46":1,"47":1,"48":1,"49":1,"50":1,"51":1,"52":1,"53":1,"54":1,"55":1,"56":1,"57":0,"58":1,"59":1,"60":1,"61":1,"62":1,"63":1,"64":0,"65":0,"66":0,"67":0,"68":0,"69":0,"70":0,"71":0,"72":0,"73":0,"74":0,"75":0,"76":0,"77":0,"78":0,"79":1,"80":0,"81":0,"82":0,"83":0,"84":0,"85":0,"86":0,"87":0,"88":0,"89":0,"90":0,"91":0,"92":0,"93":0,"94":0,"95":0,"96":0,"97":0,"98":0,"99":1,"100":0,"101":1,"102":0,"103":1,"104":0,"105":0,"106":0,"107":0,"108":0,"109":0,"110":0,"111":0,"112":0,"113":0,"114":1,"115":0,"116":0,"117":0,"118":1,"119":0,"120":0,"121":0,"122":0,"123":0,"124":0,"125":0,"126":0,"127":0,"128":1,"129":0,"130":0,"131":0,"132":0,"133":0,"134":0,"135":0,"136":1,"137":0,"138":0,"139":0,"140":0,"141":0,"142":0,"143":0,"144":0,"145":1},"b":{"1":[0,1],"2":[0,1],"3":[0,0],"4":[0,1],"5":[1,0],"6":[1,0],"7":[1,0],"8":[1,0],"9":[0,1],"10":[1,1],"11":[1,0],"12":[0,0],"13":[0,0],"14":[0,0],"15":[0,0],"16":[0,0],"17":[0,0],"18":[0,0],"19":[0,0,0],"20":[0,0],"21":[0,0],"22":[0,0],"23":[0,0],"24":[0,0],"25":[0,0],"26":[0,0],"27":[0,0],"28":[0,0],"29":[0,0],"30":[0,0],"31":[0,0],"32":[0,0],"33":[0,0,0,0],"34":[0,0],"35":[0,0],"36":[0,0]},"f":{"1":1,"2":1,"3":1,"4":0,"5":1,"6":1,"7":1,"8":1,"9":1,"10":1,"11":1,"12":1,"13":1,"14":1,"15":1,"16":0,"17":0,"18":0,"19":0,"20":0,"21":0,"22":0,"23":0,"24":0,"25":0,"26":0,"27":0,"28":0,"29":0,"30":0,"31":0,"32":0,"33":0},"fnMap":{"1":{"name":"(anonymous_1)","line":13,"loc":{"start":{"line":13,"column":29},"end":{"line":13,"column":40}}},"2":{"name":"MemoryDb","line":14,"loc":{"start":{"line":14,"column":2},"end":{"line":14,"column":38}}},"3":{"name":"(anonymous_3)","line":21,"loc":{"start":{"line":21,"column":37},"end":{"line":21,"column":68}}},"4":{"name":"(anonymous_4)","line":31,"loc":{"start":{"line":31,"column":40},"end":{"line":31,"column":71}}},"5":{"name":"(anonymous_5)","line":43,"loc":{"start":{"line":43,"column":14},"end":{"line":43,"column":25}}},"6":{"name":"Collection","line":44,"loc":{"start":{"line":44,"column":2},"end":{"line":44,"column":28}}},"7":{"name":"(anonymous_7)","line":51,"loc":{"start":{"line":51,"column":30},"end":{"line":51,"column":58}}},"8":{"name":"(anonymous_8)","line":53,"loc":{"start":{"line":53,"column":14},"end":{"line":53,"column":30}}},"9":{"name":"(anonymous_9)","line":54,"loc":{"start":{"line":54,"column":15},"end":{"line":54,"column":40}}},"10":{"name":"(anonymous_10)","line":61,"loc":{"start":{"line":61,"column":33},"end":{"line":61,"column":77}}},"11":{"name":"(anonymous_11)","line":66,"loc":{"start":{"line":66,"column":46},"end":{"line":66,"column":64}}},"12":{"name":"(anonymous_12)","line":73,"loc":{"start":{"line":73,"column":36},"end":{"line":73,"column":80}}},"13":{"name":"(anonymous_13)","line":74,"loc":{"start":{"line":74,"column":23},"end":{"line":74,"column":39}}},"14":{"name":"(anonymous_14)","line":75,"loc":{"start":{"line":75,"column":13},"end":{"line":75,"column":24}}},"15":{"name":"(anonymous_15)","line":85,"loc":{"start":{"line":85,"column":32},"end":{"line":85,"column":70}}},"16":{"name":"(anonymous_16)","line":106,"loc":{"start":{"line":106,"column":32},"end":{"line":106,"column":61}}},"17":{"name":"(anonymous_17)","line":108,"loc":{"start":{"line":108,"column":27},"end":{"line":108,"column":43}}},"18":{"name":"(anonymous_18)","line":109,"loc":{"start":{"line":109,"column":15},"end":{"line":109,"column":30}}},"19":{"name":"(anonymous_19)","line":110,"loc":{"start":{"line":110,"column":34},"end":{"line":110,"column":52}}},"20":{"name":"(anonymous_20)","line":111,"loc":{"start":{"line":111,"column":42},"end":{"line":111,"column":53}}},"21":{"name":"(anonymous_21)","line":114,"loc":{"start":{"line":114,"column":13},"end":{"line":114,"column":24}}},"22":{"name":"(anonymous_22)","line":135,"loc":{"start":{"line":135,"column":31},"end":{"line":135,"column":81}}},"23":{"name":"(anonymous_23)","line":145,"loc":{"start":{"line":145,"column":47},"end":{"line":145,"column":63}}},"24":{"name":"(anonymous_24)","line":146,"loc":{"start":{"line":146,"column":13},"end":{"line":146,"column":31}}},"25":{"name":"(anonymous_25)","line":166,"loc":{"start":{"line":166,"column":40},"end":{"line":166,"column":58}}},"26":{"name":"(anonymous_26)","line":170,"loc":{"start":{"line":170,"column":40},"end":{"line":170,"column":58}}},"27":{"name":"(anonymous_27)","line":174,"loc":{"start":{"line":174,"column":40},"end":{"line":174,"column":67}}},"28":{"name":"(anonymous_28)","line":192,"loc":{"start":{"line":192,"column":39},"end":{"line":192,"column":61}}},"29":{"name":"(anonymous_29)","line":199,"loc":{"start":{"line":199,"column":30},"end":{"line":199,"column":54}}},"30":{"name":"(anonymous_30)","line":215,"loc":{"start":{"line":215,"column":34},"end":{"line":215,"column":57}}},"31":{"name":"(anonymous_31)","line":228,"loc":{"start":{"line":228,"column":33},"end":{"line":228,"column":68}}},"32":{"name":"(anonymous_32)","line":231,"loc":{"start":{"line":231,"column":44},"end":{"line":231,"column":60}}},"33":{"name":"(anonymous_33)","line":232,"loc":{"start":{"line":232,"column":13},"end":{"line":232,"column":28}}}},"statementMap":{"1":{"start":{"line":1,"column":0},"end":{"line":1,"column":68}},"2":{"start":{"line":3,"column":0},"end":{"line":3,"column":22}},"3":{"start":{"line":5,"column":0},"end":{"line":5,"column":25}},"4":{"start":{"line":7,"column":0},"end":{"line":7,"column":27}},"5":{"start":{"line":9,"column":0},"end":{"line":9,"column":45}},"6":{"start":{"line":11,"column":0},"end":{"line":11,"column":48}},"7":{"start":{"line":13,"column":0},"end":{"line":41,"column":5}},"8":{"start":{"line":14,"column":2},"end":{"line":19,"column":3}},"9":{"start":{"line":15,"column":4},"end":{"line":15,"column":26}},"10":{"start":{"line":16,"column":4},"end":{"line":18,"column":5}},"11":{"start":{"line":17,"column":6},"end":{"line":17,"column":20}},"12":{"start":{"line":21,"column":2},"end":{"line":29,"column":4}},"13":{"start":{"line":22,"column":4},"end":{"line":22,"column":19}},"14":{"start":{"line":23,"column":4},"end":{"line":23,"column":38}},"15":{"start":{"line":24,"column":4},"end":{"line":24,"column":28}},"16":{"start":{"line":25,"column":4},"end":{"line":25,"column":40}},"17":{"start":{"line":26,"column":4},"end":{"line":28,"column":5}},"18":{"start":{"line":27,"column":6},"end":{"line":27,"column":23}},"19":{"start":{"line":31,"column":2},"end":{"line":37,"column":4}},"20":{"start":{"line":32,"column":4},"end":{"line":32,"column":22}},"21":{"start":{"line":33,"column":4},"end":{"line":33,"column":34}},"22":{"start":{"line":34,"column":4},"end":{"line":36,"column":5}},"23":{"start":{"line":35,"column":6},"end":{"line":35,"column":23}},"24":{"start":{"line":39,"column":2},"end":{"line":39,"column":18}},"25":{"start":{"line":43,"column":0},"end":{"line":244,"column":5}},"26":{"start":{"line":44,"column":2},"end":{"line":49,"column":3}},"27":{"start":{"line":45,"column":4},"end":{"line":45,"column":21}},"28":{"start":{"line":46,"column":4},"end":{"line":46,"column":20}},"29":{"start":{"line":47,"column":4},"end":{"line":47,"column":22}},"30":{"start":{"line":48,"column":4},"end":{"line":48,"column":22}},"31":{"start":{"line":51,"column":2},"end":{"line":59,"column":4}},"32":{"start":{"line":52,"column":4},"end":{"line":58,"column":6}},"33":{"start":{"line":54,"column":8},"end":{"line":56,"column":10}},"34":{"start":{"line":55,"column":10},"end":{"line":55,"column":69}},"35":{"start":{"line":61,"column":2},"end":{"line":71,"column":4}},"36":{"start":{"line":62,"column":4},"end":{"line":62,"column":13}},"37":{"start":{"line":63,"column":4},"end":{"line":65,"column":5}},"38":{"start":{"line":64,"column":6},"end":{"line":64,"column":91}},"39":{"start":{"line":66,"column":4},"end":{"line":70,"column":14}},"40":{"start":{"line":67,"column":6},"end":{"line":69,"column":7}},"41":{"start":{"line":68,"column":8},"end":{"line":68,"column":63}},"42":{"start":{"line":73,"column":2},"end":{"line":83,"column":4}},"43":{"start":{"line":74,"column":4},"end":{"line":82,"column":17}},"44":{"start":{"line":75,"column":6},"end":{"line":81,"column":8}},"45":{"start":{"line":76,"column":8},"end":{"line":76,"column":20}},"46":{"start":{"line":77,"column":8},"end":{"line":77,"column":72}},"47":{"start":{"line":78,"column":8},"end":{"line":80,"column":9}},"48":{"start":{"line":79,"column":10},"end":{"line":79,"column":34}},"49":{"start":{"line":85,"column":2},"end":{"line":104,"column":4}},"50":{"start":{"line":86,"column":4},"end":{"line":86,"column":36}},"51":{"start":{"line":87,"column":4},"end":{"line":87,"column":116}},"52":{"start":{"line":88,"column":4},"end":{"line":88,"column":46}},"53":{"start":{"line":89,"column":4},"end":{"line":100,"column":5}},"54":{"start":{"line":90,"column":6},"end":{"line":90,"column":23}},"55":{"start":{"line":91,"column":6},"end":{"line":97,"column":7}},"56":{"start":{"line":92,"column":8},"end":{"line":96,"column":9}},"57":{"start":{"line":93,"column":10},"end":{"line":93,"column":54}},"58":{"start":{"line":95,"column":10},"end":{"line":95,"column":55}},"59":{"start":{"line":98,"column":6},"end":{"line":98,"column":42}},"60":{"start":{"line":99,"column":6},"end":{"line":99,"column":40}},"61":{"start":{"line":101,"column":4},"end":{"line":103,"column":5}},"62":{"start":{"line":102,"column":6},"end":{"line":102,"column":27}},"63":{"start":{"line":106,"column":2},"end":{"line":133,"column":4}},"64":{"start":{"line":107,"column":4},"end":{"line":120,"column":5}},"65":{"start":{"line":108,"column":6},"end":{"line":118,"column":23}},"66":{"start":{"line":109,"column":8},"end":{"line":117,"column":10}},"67":{"start":{"line":110,"column":10},"end":{"line":116,"column":13}},"68":{"start":{"line":111,"column":12},"end":{"line":113,"column":20}},"69":{"start":{"line":112,"column":14},"end":{"line":112,"column":26}},"70":{"start":{"line":115,"column":12},"end":{"line":115,"column":29}},"71":{"start":{"line":119,"column":6},"end":{"line":119,"column":13}},"72":{"start":{"line":121,"column":4},"end":{"line":129,"column":5}},"73":{"start":{"line":122,"column":6},"end":{"line":122,"column":40}},"74":{"start":{"line":123,"column":6},"end":{"line":123,"column":28}},"75":{"start":{"line":124,"column":6},"end":{"line":124,"column":30}},"76":{"start":{"line":126,"column":6},"end":{"line":128,"column":8}},"77":{"start":{"line":130,"column":4},"end":{"line":132,"column":5}},"78":{"start":{"line":131,"column":6},"end":{"line":131,"column":23}},"79":{"start":{"line":135,"column":2},"end":{"line":164,"column":4}},"80":{"start":{"line":136,"column":4},"end":{"line":136,"column":37}},"81":{"start":{"line":137,"column":4},"end":{"line":140,"column":5}},"82":{"start":{"line":138,"column":6},"end":{"line":138,"column":21}},"83":{"start":{"line":139,"column":6},"end":{"line":139,"column":25}},"84":{"start":{"line":141,"column":4},"end":{"line":141,"column":51}},"85":{"start":{"line":142,"column":4},"end":{"line":144,"column":5}},"86":{"start":{"line":143,"column":6},"end":{"line":143,"column":39}},"87":{"start":{"line":145,"column":4},"end":{"line":163,"column":21}},"88":{"start":{"line":146,"column":6},"end":{"line":162,"column":8}},"89":{"start":{"line":147,"column":8},"end":{"line":147,"column":30}},"90":{"start":{"line":148,"column":8},"end":{"line":158,"column":9}},"91":{"start":{"line":149,"column":10},"end":{"line":149,"column":31}},"92":{"start":{"line":150,"column":10},"end":{"line":157,"column":11}},"93":{"start":{"line":151,"column":12},"end":{"line":155,"column":13}},"94":{"start":{"line":152,"column":14},"end":{"line":154,"column":15}},"95":{"start":{"line":153,"column":16},"end":{"line":153,"column":25}},"96":{"start":{"line":156,"column":12},"end":{"line":156,"column":43}},"97":{"start":{"line":159,"column":8},"end":{"line":161,"column":9}},"98":{"start":{"line":160,"column":10},"end":{"line":160,"column":27}},"99":{"start":{"line":166,"column":2},"end":{"line":168,"column":4}},"100":{"start":{"line":167,"column":4},"end":{"line":167,"column":43}},"101":{"start":{"line":170,"column":2},"end":{"line":172,"column":4}},"102":{"start":{"line":171,"column":4},"end":{"line":171,"column":49}},"103":{"start":{"line":174,"column":2},"end":{"line":190,"column":4}},"104":{"start":{"line":175,"column":4},"end":{"line":175,"column":29}},"105":{"start":{"line":176,"column":4},"end":{"line":186,"column":5}},"106":{"start":{"line":177,"column":6},"end":{"line":177,"column":27}},"107":{"start":{"line":178,"column":6},"end":{"line":178,"column":26}},"108":{"start":{"line":179,"column":6},"end":{"line":185,"column":7}},"109":{"start":{"line":180,"column":8},"end":{"line":184,"column":9}},"110":{"start":{"line":181,"column":10},"end":{"line":181,"column":34}},"111":{"start":{"line":183,"column":10},"end":{"line":183,"column":45}},"112":{"start":{"line":187,"column":4},"end":{"line":189,"column":5}},"113":{"start":{"line":188,"column":6},"end":{"line":188,"column":23}},"114":{"start":{"line":192,"column":2},"end":{"line":197,"column":4}},"115":{"start":{"line":193,"column":4},"end":{"line":193,"column":28}},"116":{"start":{"line":194,"column":4},"end":{"line":196,"column":5}},"117":{"start":{"line":195,"column":6},"end":{"line":195,"column":23}},"118":{"start":{"line":199,"column":2},"end":{"line":213,"column":4}},"119":{"start":{"line":200,"column":4},"end":{"line":200,"column":22}},"120":{"start":{"line":201,"column":4},"end":{"line":203,"column":5}},"121":{"start":{"line":202,"column":6},"end":{"line":202,"column":20}},"122":{"start":{"line":204,"column":4},"end":{"line":209,"column":5}},"123":{"start":{"line":205,"column":6},"end":{"line":205,"column":21}},"124":{"start":{"line":206,"column":6},"end":{"line":208,"column":7}},"125":{"start":{"line":207,"column":8},"end":{"line":207,"column":34}},"126":{"start":{"line":210,"column":4},"end":{"line":212,"column":5}},"127":{"start":{"line":211,"column":6},"end":{"line":211,"column":23}},"128":{"start":{"line":215,"column":2},"end":{"line":226,"column":4}},"129":{"start":{"line":216,"column":4},"end":{"line":216,"column":17}},"130":{"start":{"line":217,"column":4},"end":{"line":222,"column":5}},"131":{"start":{"line":218,"column":6},"end":{"line":218,"column":37}},"132":{"start":{"line":219,"column":6},"end":{"line":221,"column":7}},"133":{"start":{"line":220,"column":8},"end":{"line":220,"column":34}},"134":{"start":{"line":223,"column":4},"end":{"line":225,"column":5}},"135":{"start":{"line":224,"column":6},"end":{"line":224,"column":23}},"136":{"start":{"line":228,"column":2},"end":{"line":240,"column":4}},"137":{"start":{"line":229,"column":4},"end":{"line":229,"column":32}},"138":{"start":{"line":230,"column":4},"end":{"line":230,"column":63}},"139":{"start":{"line":231,"column":4},"end":{"line":235,"column":14}},"140":{"start":{"line":232,"column":6},"end":{"line":234,"column":8}},"141":{"start":{"line":233,"column":8},"end":{"line":233,"column":76}},"142":{"start":{"line":236,"column":4},"end":{"line":236,"column":56}},"143":{"start":{"line":237,"column":4},"end":{"line":239,"column":5}},"144":{"start":{"line":238,"column":6},"end":{"line":238,"column":23}},"145":{"start":{"line":242,"column":2},"end":{"line":242,"column":20}}},"branchMap":{"1":{"line":16,"type":"if","locations":[{"start":{"line":16,"column":4},"end":{"line":16,"column":4}},{"start":{"line":16,"column":4},"end":{"line":16,"column":4}}]},"2":{"line":26,"type":"if","locations":[{"start":{"line":26,"column":4},"end":{"line":26,"column":4}},{"start":{"line":26,"column":4},"end":{"line":26,"column":4}}]},"3":{"line":34,"type":"if","locations":[{"start":{"line":34,"column":4},"end":{"line":34,"column":4}},{"start":{"line":34,"column":4},"end":{"line":34,"column":4}}]},"4":{"line":63,"type":"if","locations":[{"start":{"line":63,"column":4},"end":{"line":63,"column":4}},{"start":{"line":63,"column":4},"end":{"line":63,"column":4}}]},"5":{"line":67,"type":"if","locations":[{"start":{"line":67,"column":6},"end":{"line":67,"column":6}},{"start":{"line":67,"column":6},"end":{"line":67,"column":6}}]},"6":{"line":68,"type":"cond-expr","locations":[{"start":{"line":68,"column":44},"end":{"line":68,"column":54}},{"start":{"line":68,"column":57},"end":{"line":68,"column":61}}]},"7":{"line":78,"type":"if","locations":[{"start":{"line":78,"column":8},"end":{"line":78,"column":8}},{"start":{"line":78,"column":8},"end":{"line":78,"column":8}}]},"8":{"line":91,"type":"if","locations":[{"start":{"line":91,"column":6},"end":{"line":91,"column":6}},{"start":{"line":91,"column":6},"end":{"line":91,"column":6}}]},"9":{"line":92,"type":"if","locations":[{"start":{"line":92,"column":8},"end":{"line":92,"column":8}},{"start":{"line":92,"column":8},"end":{"line":92,"column":8}}]},"10":{"line":95,"type":"binary-expr","locations":[{"start":{"line":95,"column":22},"end":{"line":95,"column":46}},{"start":{"line":95,"column":50},"end":{"line":95,"column":54}}]},"11":{"line":101,"type":"if","locations":[{"start":{"line":101,"column":4},"end":{"line":101,"column":4}},{"start":{"line":101,"column":4},"end":{"line":101,"column":4}}]},"12":{"line":107,"type":"if","locations":[{"start":{"line":107,"column":4},"end":{"line":107,"column":4}},{"start":{"line":107,"column":4},"end":{"line":107,"column":4}}]},"13":{"line":121,"type":"if","locations":[{"start":{"line":121,"column":4},"end":{"line":121,"column":4}},{"start":{"line":121,"column":4},"end":{"line":121,"column":4}}]},"14":{"line":130,"type":"if","locations":[{"start":{"line":130,"column":4},"end":{"line":130,"column":4}},{"start":{"line":130,"column":4},"end":{"line":130,"column":4}}]},"15":{"line":142,"type":"if","locations":[{"start":{"line":142,"column":4},"end":{"line":142,"column":4}},{"start":{"line":142,"column":4},"end":{"line":142,"column":4}}]},"16":{"line":150,"type":"if","locations":[{"start":{"line":150,"column":10},"end":{"line":150,"column":10}},{"start":{"line":150,"column":10},"end":{"line":150,"column":10}}]},"17":{"line":150,"type":"binary-expr","locations":[{"start":{"line":150,"column":14},"end":{"line":150,"column":34}},{"start":{"line":150,"column":38},"end":{"line":150,"column":71}}]},"18":{"line":151,"type":"if","locations":[{"start":{"line":151,"column":12},"end":{"line":151,"column":12}},{"start":{"line":151,"column":12},"end":{"line":151,"column":12}}]},"19":{"line":151,"type":"binary-expr","locations":[{"start":{"line":151,"column":16},"end":{"line":151,"column":28}},{"start":{"line":151,"column":32},"end":{"line":151,"column":45}},{"start":{"line":151,"column":49},"end":{"line":151,"column":78}}]},"20":{"line":152,"type":"if","locations":[{"start":{"line":152,"column":14},"end":{"line":152,"column":14}},{"start":{"line":152,"column":14},"end":{"line":152,"column":14}}]},"21":{"line":159,"type":"if","locations":[{"start":{"line":159,"column":8},"end":{"line":159,"column":8}},{"start":{"line":159,"column":8},"end":{"line":159,"column":8}}]},"22":{"line":179,"type":"if","locations":[{"start":{"line":179,"column":6},"end":{"line":179,"column":6}},{"start":{"line":179,"column":6},"end":{"line":179,"column":6}}]},"23":{"line":180,"type":"if","locations":[{"start":{"line":180,"column":8},"end":{"line":180,"column":8}},{"start":{"line":180,"column":8},"end":{"line":180,"column":8}}]},"24":{"line":187,"type":"if","locations":[{"start":{"line":187,"column":4},"end":{"line":187,"column":4}},{"start":{"line":187,"column":4},"end":{"line":187,"column":4}}]},"25":{"line":194,"type":"if","locations":[{"start":{"line":194,"column":4},"end":{"line":194,"column":4}},{"start":{"line":194,"column":4},"end":{"line":194,"column":4}}]},"26":{"line":201,"type":"if","locations":[{"start":{"line":201,"column":4},"end":{"line":201,"column":4}},{"start":{"line":201,"column":4},"end":{"line":201,"column":4}}]},"27":{"line":206,"type":"if","locations":[{"start":{"line":206,"column":6},"end":{"line":206,"column":6}},{"start":{"line":206,"column":6},"end":{"line":206,"column":6}}]},"28":{"line":206,"type":"binary-expr","locations":[{"start":{"line":206,"column":10},"end":{"line":206,"column":37}},{"start":{"line":206,"column":41},"end":{"line":206,"column":70}}]},"29":{"line":210,"type":"if","locations":[{"start":{"line":210,"column":4},"end":{"line":210,"column":4}},{"start":{"line":210,"column":4},"end":{"line":210,"column":4}}]},"30":{"line":217,"type":"if","locations":[{"start":{"line":217,"column":4},"end":{"line":217,"column":4}},{"start":{"line":217,"column":4},"end":{"line":217,"column":4}}]},"31":{"line":217,"type":"binary-expr","locations":[{"start":{"line":217,"column":8},"end":{"line":217,"column":37}},{"start":{"line":217,"column":41},"end":{"line":217,"column":70}}]},"32":{"line":219,"type":"if","locations":[{"start":{"line":219,"column":6},"end":{"line":219,"column":6}},{"start":{"line":219,"column":6},"end":{"line":219,"column":6}}]},"33":{"line":219,"type":"binary-expr","locations":[{"start":{"line":219,"column":10},"end":{"line":219,"column":19}},{"start":{"line":219,"column":23},"end":{"line":219,"column":32}},{"start":{"line":219,"column":36},"end":{"line":219,"column":50}},{"start":{"line":219,"column":54},"end":{"line":219,"column":79}}]},"34":{"line":223,"type":"if","locations":[{"start":{"line":223,"column":4},"end":{"line":223,"column":4}},{"start":{"line":223,"column":4},"end":{"line":223,"column":4}}]},"35":{"line":233,"type":"binary-expr","locations":[{"start":{"line":233,"column":16},"end":{"line":233,"column":47}},{"start":{"line":233,"column":52},"end":{"line":233,"column":75}}]},"36":{"line":237,"type":"if","locations":[{"start":{"line":237,"column":4},"end":{"line":237,"column":4}},{"start":{"line":237,"column":4},"end":{"line":237,"column":4}}]}},"code":["var Collection, MemoryDb, async, compileSort, processFind, utils, _;","","_ = require('lodash');","","async = require('async');","","utils = require('./utils');","","processFind = require('./utils').processFind;","","compileSort = require('./selector').compileSort;","","module.exports = MemoryDb = (function() {","  function MemoryDb(options, success) {","    this.collections = {};","    if (success) {","      success(this);","    }","  }","","  MemoryDb.prototype.addCollection = function(name, success, error) {","    var collection;","    collection = new Collection(name);","    this[name] = collection;","    this.collections[name] = collection;","    if (success != null) {","      return success();","    }","  };","","  MemoryDb.prototype.removeCollection = function(name, success, error) {","    delete this[name];","    delete this.collections[name];","    if (success != null) {","      return success();","    }","  };","","  return MemoryDb;","","})();","","Collection = (function() {","  function Collection(name) {","    this.name = name;","    this.items = {};","    this.upserts = {};","    this.removes = {};","  }","","  Collection.prototype.find = function(selector, options) {","    return {","      fetch: (function(_this) {","        return function(success, error) {","          return _this._findFetch(selector, options, success, error);","        };","      })(this)","    };","  };","","  Collection.prototype.findOne = function(selector, options, success, error) {","    var _ref;","    if (_.isFunction(options)) {","      _ref = [{}, options, success], options = _ref[0], success = _ref[1], error = _ref[2];","    }","    return this.find(selector, options).fetch(function(results) {","      if (success != null) {","        return success(results.length > 0 ? results[0] : null);","      }","    }, error);","  };","","  Collection.prototype._findFetch = function(selector, options, success, error) {","    return setTimeout((function(_this) {","      return function() {","        var results;","        results = processFind(_.values(_this.items), selector, options);","        if (success != null) {","          return success(results);","        }","      };","    })(this), 0);","  };","","  Collection.prototype.upsert = function(docs, bases, success, error) {","    var item, items, _i, _len, _ref;","    _ref = utils.regularizeUpsert(docs, bases, success, error), items = _ref[0], success = _ref[1], error = _ref[2];","    items = JSON.parse(JSON.stringify(items));","    for (_i = 0, _len = items.length; _i < _len; _i++) {","      item = items[_i];","      if (item.base === void 0) {","        if (this.upserts[item.doc._id]) {","          item.base = this.upserts[item.doc._id].base;","        } else {","          item.base = this.items[item.doc._id] || null;","        }","      }","      this.items[item.doc._id] = item.doc;","      this.upserts[item.doc._id] = item;","    }","    if (success) {","      return success(docs);","    }","  };","","  Collection.prototype.remove = function(id, success, error) {","    if (_.isObject(id)) {","      this.find(id).fetch((function(_this) {","        return function(rows) {","          return async.each(rows, function(row, cb) {","            return _this.remove(row._id, (function() {","              return cb();","            }), cb);","          }, function() {","            return success();","          });","        };","      })(this), error);","      return;","    }","    if (_.has(this.items, id)) {","      this.removes[id] = this.items[id];","      delete this.items[id];","      delete this.upserts[id];","    } else {","      this.removes[id] = {","        _id: id","      };","    }","    if (success != null) {","      return success();","    }","  };","","  Collection.prototype.cache = function(docs, selector, options, success, error) {","    var doc, docsMap, sort, _i, _len;","    for (_i = 0, _len = docs.length; _i < _len; _i++) {","      doc = docs[_i];","      this.cacheOne(doc);","    }","    docsMap = _.object(_.pluck(docs, \"_id\"), docs);","    if (options.sort) {","      sort = compileSort(options.sort);","    }","    return this.find(selector, options).fetch((function(_this) {","      return function(results) {","        var result, _j, _len1;","        for (_j = 0, _len1 = results.length; _j < _len1; _j++) {","          result = results[_j];","          if (!docsMap[result._id] && !_.has(_this.upserts, result._id)) {","            if (options.sort && options.limit && docs.length === options.limit) {","              if (sort(result, _.last(docs)) >= 0) {","                continue;","              }","            }","            delete _this.items[result._id];","          }","        }","        if (success != null) {","          return success();","        }","      };","    })(this), error);","  };","","  Collection.prototype.pendingUpserts = function(success) {","    return success(_.values(this.upserts));","  };","","  Collection.prototype.pendingRemoves = function(success) {","    return success(_.pluck(this.removes, \"_id\"));","  };","","  Collection.prototype.resolveUpserts = function(upserts, success) {","    var id, upsert, _i, _len;","    for (_i = 0, _len = upserts.length; _i < _len; _i++) {","      upsert = upserts[_i];","      id = upsert.doc._id;","      if (this.upserts[id]) {","        if (_.isEqual(upsert.doc, this.upserts[id].doc)) {","          delete this.upserts[id];","        } else {","          this.upserts[id].base = upsert.doc;","        }","      }","    }","    if (success != null) {","      return success();","    }","  };","","  Collection.prototype.resolveRemove = function(id, success) {","    delete this.removes[id];","    if (success != null) {","      return success();","    }","  };","","  Collection.prototype.seed = function(docs, success) {","    var doc, _i, _len;","    if (!_.isArray(docs)) {","      docs = [docs];","    }","    for (_i = 0, _len = docs.length; _i < _len; _i++) {","      doc = docs[_i];","      if (!_.has(this.items, doc._id) && !_.has(this.removes, doc._id)) {","        this.items[doc._id] = doc;","      }","    }","    if (success != null) {","      return success();","    }","  };","","  Collection.prototype.cacheOne = function(doc, success) {","    var existing;","    if (!_.has(this.upserts, doc._id) && !_.has(this.removes, doc._id)) {","      existing = this.items[doc._id];","      if (!existing || !doc._rev || !existing._rev || doc._rev >= existing._rev) {","        this.items[doc._id] = doc;","      }","    }","    if (success != null) {","      return success();","    }","  };","","  Collection.prototype.uncache = funct
[...]
77,"column":116}},"47":{"start":{"line":78,"column":4},"end":{"line":89,"column":5}},"48":{"start":{"line":79,"column":6},"end":{"line":79,"column":23}},"49":{"start":{"line":80,"column":6},"end":{"line":86,"column":7}},"50":{"start":{"line":81,"column":8},"end":{"line":85,"column":9}},"51":{"start":{"line":82,"column":10},"end":{"line":82,"column":54}},"52":{"start":{"line":84,"column":10},"end":{"line":84,"column":55}},"53":{"start":{"line":87,"column":6},"end":{"line":87,"column":42}},"54":{"start":{"line":88,"column":6},"end":{"line":88,"column":40}},"55":{"start":{"line":90,"column":4},"end":{"line":92,"column":5}},"56":{"start":{"line":91,"column":6},"end":{"line":91,"column":27}},"57":{"start":{"line":95,"column":2},"end":{"line":108,"column":4}},"58":{"start":{"line":96,"column":4},"end":{"line":104,"column":5}},"59":{"start":{"line":97,"column":6},"end":{"line":97,"column":40}},"60":{"start":{"line":98,"column":6},"end":{"line":98,"column":28}},"61":{"start":{"line":99,"column":6},"end":{"line":99,"column":30}},"62":{"start":{"line":101,"column":6},"end":{"line":103,"column":8}},"63":{"start":{"line":105,"column":4},"end":{"line":107,"column":5}},"64":{"start":{"line":106,"column":6},"end":{"line":106,"column":23}},"65":{"start":{"line":110,"column":2},"end":{"line":139,"column":4}},"66":{"start":{"line":111,"column":4},"end":{"line":111,"column":37}},"67":{"start":{"line":112,"column":4},"end":{"line":115,"column":5}},"68":{"start":{"line":113,"column":6},"end":{"line":113,"column":21}},"69":{"start":{"line":114,"column":6},"end":{"line":114,"column":25}},"70":{"start":{"line":116,"column":4},"end":{"line":116,"column":51}},"71":{"start":{"line":117,"column":4},"end":{"line":119,"column":5}},"72":{"start":{"line":118,"column":6},"end":{"line":118,"column":39}},"73":{"start":{"line":120,"column":4},"end":{"line":138,"column":21}},"74":{"start":{"line":121,"column":6},"end":{"line":137,"column":8}},"75":{"start":{"line":122,"column":8},"end":{"line":122,"column":30}},"76":{"start":{"line":123,"column":8},"end":{"line":133,"column":9}},"77":{"start":{"line":124,"column":10},"end":{"line":124,"column":31}},"78":{"start":{"line":125,"column":10},"end":{"line":132,"column":11}},"79":{"start":{"line":126,"column":12},"end":{"line":130,"column":13}},"80":{"start":{"line":127,"column":14},"end":{"line":129,"column":15}},"81":{"start":{"line":128,"column":16},"end":{"line":128,"column":25}},"82":{"start":{"line":131,"column":12},"end":{"line":131,"column":43}},"83":{"start":{"line":134,"column":8},"end":{"line":136,"column":9}},"84":{"start":{"line":135,"column":10},"end":{"line":135,"column":27}},"85":{"start":{"line":141,"column":2},"end":{"line":143,"column":4}},"86":{"start":{"line":142,"column":4},"end":{"line":142,"column":43}},"87":{"start":{"line":145,"column":2},"end":{"line":147,"column":4}},"88":{"start":{"line":146,"column":4},"end":{"line":146,"column":49}},"89":{"start":{"line":149,"column":2},"end":{"line":165,"column":4}},"90":{"start":{"line":150,"column":4},"end":{"line":150,"column":29}},"91":{"start":{"line":151,"column":4},"end":{"line":161,"column":5}},"92":{"start":{"line":152,"column":6},"end":{"line":152,"column":27}},"93":{"start":{"line":153,"column":6},"end":{"line":153,"column":26}},"94":{"start":{"line":154,"column":6},"end":{"line":160,"column":7}},"95":{"start":{"line":155,"column":8},"end":{"line":159,"column":9}},"96":{"start":{"line":156,"column":10},"end":{"line":156,"column":34}},"97":{"start":{"line":158,"column":10},"end":{"line":158,"column":45}},"98":{"start":{"line":162,"column":4},"end":{"line":164,"column":5}},"99":{"start":{"line":163,"column":6},"end":{"line":163,"column":23}},"100":{"start":{"line":167,"column":2},"end":{"line":172,"column":4}},"101":{"start":{"line":168,"column":4},"end":{"line":168,"column":28}},"102":{"start":{"line":169,"column":4},"end":{"line":171,"column":5}},"103":{"start":{"line":170,"column":6},"end":{"line":170,"column":23}},"104":{"start":{"line":174,"column":2},"end":{"line":188,"column":4}},"105":{"start":{"line":175,"column":4},"end":{"line":175,"column":22}},"106":{"start":{"line":176,"column":4},"end":{"line":178,"column":5}},"107":{"start":{"line":177,"column":6},"end":{"line":177,"column":20}},"108":{"start":{"line":179,"column":4},"end":{"line":184,"column":5}},"109":{"start":{"line":180,"column":6},"end":{"line":180,"column":21}},"110":{"start":{"line":181,"column":6},"end":{"line":183,"column":7}},"111":{"start":{"line":182,"column":8},"end":{"line":182,"column":34}},"112":{"start":{"line":185,"column":4},"end":{"line":187,"column":5}},"113":{"start":{"line":186,"column":6},"end":{"line":186,"column":23}},"114":{"start":{"line":190,"column":2},"end":{"line":201,"column":4}},"115":{"start":{"line":191,"column":4},"end":{"line":191,"column":17}},"116":{"start":{"line":192,"column":4},"end":{"line":197,"column":5}},"117":{"start":{"line":193,"column":6},"end":{"line":193,"column":37}},"118":{"start":{"line":194,"column":6},"end":{"line":196,"column":7}},"119":{"start":{"line":195,"column":8},"end":{"line":195,"column":34}},"120":{"start":{"line":198,"column":4},"end":{"line":200,"column":5}},"121":{"start":{"line":199,"column":6},"end":{"line":199,"column":23}},"122":{"start":{"line":203,"column":2},"end":{"line":215,"column":4}},"123":{"start":{"line":204,"column":4},"end":{"line":204,"column":32}},"124":{"start":{"line":205,"column":4},"end":{"line":205,"column":63}},"125":{"start":{"line":206,"column":4},"end":{"line":210,"column":14}},"126":{"start":{"line":207,"column":6},"end":{"line":209,"column":8}},"127":{"start":{"line":208,"column":8},"end":{"line":208,"column":76}},"128":{"start":{"line":211,"column":4},"end":{"line":211,"column":56}},"129":{"start":{"line":212,"column":4},"end":{"line":214,"column":5}},"130":{"start":{"line":213,"column":6},"end":{"line":213,"column":23}},"131":{"start":{"line":217,"column":2},"end":{"line":217,"column":20}}},"branchMap":{"1":{"line":17,"type":"if","locations":[{"start":{"line":17,"column":4},"end":{"line":17,"column":4}},{"start":{"line":17,"column":4},"end":{"line":17,"column":4}}]},"2":{"line":25,"type":"if","locations":[{"start":{"line":25,"column":4},"end":{"line":25,"column":4}},{"start":{"line":25,"column":4},"end":{"line":25,"column":4}}]},"3":{"line":53,"type":"if","locations":[{"start":{"line":53,"column":4},"end":{"line":53,"column":4}},{"start":{"line":53,"column":4},"end":{"line":53,"column":4}}]},"4":{"line":57,"type":"if","locations":[{"start":{"line":57,"column":6},"end":{"line":57,"column":6}},{"start":{"line":57,"column":6},"end":{"line":57,"column":6}}]},"5":{"line":58,"type":"cond-expr","locations":[{"start":{"line":58,"column":44},"end":{"line":58,"column":54}},{"start":{"line":58,"column":57},"end":{"line":58,"column":61}}]},"6":{"line":68,"type":"if","locations":[{"start":{"line":68,"column":8},"end":{"line":68,"column":8}},{"start":{"line":68,"column":8},"end":{"line":68,"column":8}}]},"7":{"line":80,"type":"if","locations":[{"start":{"line":80,"column":6},"end":{"line":80,"column":6}},{"start":{"line":80,"column":6},"end":{"line":80,"column":6}}]},"8":{"line":81,"type":"if","locations":[{"start":{"line":81,"column":8},"end":{"line":81,"column":8}},{"start":{"line":81,"column":8},"end":{"line":81,"column":8}}]},"9":{"line":84,"type":"binary-expr","locations":[{"start":{"line":84,"column":22},"end":{"line":84,"column":46}},{"start":{"line":84,"column":50},"end":{"line":84,"column":54}}]},"10":{"line":90,"type":"if","locations":[{"start":{"line":90,"column":4},"end":{"line":90,"column":4}},{"start":{"line":90,"column":4},"end":{"line":90,"column":4}}]},"11":{"line":96,"type":"if","locations":[{"start":{"line":96,"column":4},"end":{"line":96,"column":4}},{"start":{"line":96,"column":4},"end":{"line":96,"column":4}}]},"12":{"line":105,"type":"if","locations":[{"start":{"line":105,"column":4},"end":{"line":105,"column":4}},{"start":{"line":105,"column":4},"end":{"line":105,"column":4}}]},"13":{"line":117,"type":"if","locations":[{"start":{"line":117,"column":4},"end":{"line":117,"column":4}},{"start":{"line":117,"column":4},"end":{"line":117,"column":4}}]},"14":{"line":125,"type":"if","locations":[{"start":{"line":125,"column":10},"end":{"line":125,"column":10}},{"start":{"line":125,"column":10},"end":{"line":125,"column":10}}]},"15":{"line":125,"type":"binary-expr","locations":[{"start":{"line":125,"column":14},"end":{"line":125,"column":34}},{"start":{"line":125,"column":38},"end":{"line":125,"column":71}}]},"16":{"line":126,"type":"if","locations":[{"start":{"line":126,"column":12},"end":{"line":126,"column":12}},{"start":{"line":126,"column":12},"end":{"line":126,"column":12}}]},"17":{"line":126,"type":"binary-expr","locations":[{"start":{"line":126,"column":16},"end":{"line":126,"column":28}},{"start":{"line":126,"column":32},"end":{"line":126,"column":45}},{"start":{"line":126,"column":49},"end":{"line":126,"column":78}}]},"18":{"line":127,"type":"if","locations":[{"start":{"line":127,"column":14},"end":{"line":127,"column":14}},{"start":{"line":127,"column":14},"end":{"line":127,"column":14}}]},"19":{"line":134,"type":"if","locations":[{"start":{"line":134,"column":8},"end":{"line":134,"column":8}},{"start":{"line":134,"column":8},"end":{"line":134,"column":8}}]},"20":{"line":154,"type":"if","locations":[{"start":{"line":154,"column":6},"end":{"line":154,"column":6}},{"start":{"line":154,"column":6},"end":{"line":154,"column":6}}]},"21":{"line":155,"type":"if","locations":[{"start":{"line":155,"column":8},"end":{"line":155,"column":8}},{"start":{"line":155,"column":8},"end":{"line":155,"column":8}}]},"22":{"line":162,"type":"if","locations":[{"start":{"line":162,"column":4},"end":{"line":162,"column":4}},{"start":{"line":162,"column":4},"end":{"line":162,"column":4}}]},"23":{"line":169,"type":"if","locations":[{"start":{"line":169,"column":4},"end":{"line":169,"column":4}},{"start":{"line":169,"column":4},"end":{"line":169,"column":4}}]},"24":{"line":176,"type":"if","locations":[{"start":{"line":176,"column":4},"end":{"line":176,"column":4}},{"start":{"line":176,"column":4},"end":{"line":176,"column":4}}]},"25":{"line":181,"type":"if","locations":[{"start":{"line":181,"column":6},"end":{"line":181,"column":6}},{"start":{"line":181,"column":6},"end":{"line":181,"column":6}}]},"26":{"line":181,"type":"binary-expr","locations":[{"start":{"line":181,"column":10},"end":{"line":181,"column":37}},{"start":{"line":181,"column":41},"end":{"line":181,"column":70}}]},"27":{"line":185,"type":"if","locations":[{"start":{"line":185,"column":4},"end":{"line":185,"column":4}},{"start":{"line":185,"column":4},"end":{"line":185,"column":4}}]},"28":{"line":192,"type":"if","locations":[{"start":{"line":192,"column":4},"end":{"line":192,"column":4}},{"start":{"line":192,"column":4},"end":{"line":192,"column":4}}]},"29":{"line":192,"type":"binary-expr","locations":[{"start":{"line":192,"column":8},"end":{"line":192,"column":37}},{"start":{"line":192,"column":41},"end":{"line":192,"column":70}}]},"30":{"line":194,"type":"if","locations":[{"start":{"line":194,"column":6},"end":{"line":194,"column":6}},{"start":{"line":194,"column":6},"end":{"line":194,"column":6}}]},"31":{"line":194,"type":"binary-expr","locations":[{"start":{"line":194,"column":10},"end":{"line":194,"column":19}},{"start":{"line":194,"column":23},"end":{"line":194,"column":32}},{"start":{"line":194,"column":36},"end":{"line":194,"column":50}},{"start":{"line":194,"column":54},"end":{"line":194,"column":79}}]},"32":{"line":198,"type":"if","locations":[{"start":{"line":198,"column":4},"end":{"line":198,"column":4}},{"start":{"line":198,"column":4},"end":{"line":198,"column":4}}]},"33":{"line":208,"type":"binary-expr","locations":[{"start":{"line":208,"column":16},"end":{"line":208,"column":47}},{"start":{"line":208,"column":52},"end":{"line":208,"column":75}}]},"34":{"line":212,"type":"if","locations":[{"start":{"line":212,"column":4},"end":{"line":212,"column":4}},{"start":{"line":212,"column":4},"end":{"line":212,"column":4}}]}},"code":["var Collection, ReplicatingDb, _;","","_ = require('lodash');","","module.exports = ReplicatingDb = (function() {","  function ReplicatingDb(masterDb, replicaDb) {","    this.collections = {};","    this.masterDb = masterDb;","    this.replicaDb = replicaDb;","  }","","  ReplicatingDb.prototype.addCollection = function(name, success, error) {","    var collection;","    collection = new Collection(name);","    this[name] = collection;","    this.collections[name] = collection;","    if (success != null) {","      return success();","    }","  };","","  ReplicatingDb.prototype.removeCollection = function(name, success, error) {","    delete this[name];","    delete this.collections[name];","    if (success != null) {","      return success();","    }","  };","","  return ReplicatingDb;","","})();","","Collection = (function() {","  function Collection(name, masterCol, replicaCol) {","    this.name = name;","    this.masterCol = masterCol;","    this.replicaCol = replicaCol;","  }","","  Collection.prototype.find = function(selector, options) {","    return {","      fetch: (function(_this) {","        return function(success, error) {","          return _this._findFetch(selector, options, success, error);","        };","      })(this)","    };","  };","","  Collection.prototype.findOne = function(selector, options, success, error) {","    var _ref;","    if (_.isFunction(options)) {","      _ref = [{}, options, success], options = _ref[0], success = _ref[1], error = _ref[2];","    }","    return this.find(selector, options).fetch(function(results) {","      if (success != null) {","        return success(results.length > 0 ? results[0] : null);","      }","    }, error);","  };","","  Collection.prototype._findFetch = function(selector, options, success, error) {","    return setTimeout((function(_this) {","      return function() {","        var results;","        results = processFind(_.values(_this.items), selector, options);","        if (success != null) {","          return success(results);","        }","      };","    })(this), 0);","  };","","  Collection.prototype.upsert = function(docs, bases, success, error) {","    var item, items, _i, _len, _ref;","    _ref = utils.regularizeUpsert(docs, bases, success, error), items = _ref[0], success = _ref[1], error = _ref[2];","    for (_i = 0, _len = items.length; _i < _len; _i++) {","      item = items[_i];","      if (item.base === void 0) {","        if (this.upserts[item.doc._id]) {","          item.base = this.upserts[item.doc._id].base;","        } else {","          item.base = this.items[item.doc._id] || null;","        }","      }","      this.items[item.doc._id] = item.doc;","      this.upserts[item.doc._id] = item;","    }","    if (success) {","      return success(docs);","    }","  };","","  Collection.prototype.remove = function(id, success, error) {","    if (_.has(this.items, id)) {","      this.removes[id] = this.items[id];","      delete this.items[id];","      delete this.upserts[id];","    } else {","      this.removes[id] = {","        _id: id","      };","    }","    if (success != null) {","      return success();","    }","  };","","  Collection.prototype.cache = function(docs, selector, options, success, error) {","    var doc, docsMap, sort, _i, _len;","    for (_i = 0, _len = docs.length; _i < _len; _i++) {","      doc = docs[_i];","      this.cacheOne(doc);","    }","    docsMap = _.object(_.pluck(docs, \"_id\"), docs);","    if (options.sort) {","      sort = compileSort(options.sort);","    }","    return this.find(selector, options).fetch((function(_this) {","      return function(results) {","        var result, _j, _len1;","        for (_j = 0, _len1 = results.length; _j < _len1; _j++) {","          result = results[_j];","          if (!docsMap[result._id] && !_.has(_this.upserts, result._id)) {","            if (options.sort && options.limit && docs.length === options.limit) {","              if (sort(result, _.last(docs)) >= 0) {","                continue;","              }","            }","            delete _this.items[result._id];","          }","        }","        if (success != null) {","          return success();","        }","      };","    })(this), error);","  };","","  Collection.prototype.pendingUpserts = function(success) {","    return success(_.values(this.upserts));","  };","","  Collection.prototype.pendingRemoves = function(success) {","    return success(_.pluck(this.removes, \"_id\"));","  };","","  Collection.prototype.resolveUpserts = function(upserts, success) {","    var id, upsert, _i, _len;","    for (_i = 0, _len = upserts.length; _i < _len; _i++) {","      upsert = upserts[_i];","      id = upsert.doc._id;","      if (this.upserts[id]) {","        if (_.isEqual(upsert.doc, this.upserts[id].doc)) {","          delete this.upserts[id];","        } else {","          this.upserts[id].base = upsert.doc;","        }","      }","    }","    if (success != null) {","      return success();","    }","  };","","  Collection.prototype.resolveRemove = function(id, success) {","    delete this.removes[id];","    if (success != null) {","      return success();","    }","  };","","  Collection.prototype.seed = function(docs, success) {","    var doc, _i, _len;","    if (!_.isArray(docs)) {","      docs = [docs];","    }","    for (_i = 0, _len = docs.length; _i < _len; _i++) {","      doc = docs[_i];","      if (!_.has(this.items, doc._id) && !_.has(this.removes, doc._id)) {","        this.items[doc._id] = doc;","      }","    }","    if (success != null) {","      return success();","    }","  };","","  Collection.prototype.cacheOne = function(doc, success) {","    var existing;","    if (!_.has(this.upserts, doc._id) && !_.has(this.removes, doc._id)) {","      existing = this.items[doc._id];","      if (!existing || !doc._rev || !existing._rev || doc._rev >= existing._rev) {","        this.items[doc._id] = doc;","      }","    }","    if (success != null) {","      return success();","    }","  };","","  Collection.prototype.uncache = function(selector, success, error) {","    var compiledSelector, items;","    compiledSelector = utils.compileDocumentSelector(selector);","    items = _.filter(_.values(this.items), (function(_this) {","      return function(item) {","        return (_this.upserts[item._id] != null) || !compiledSelector(item);","      };","    })(this));","    this.items = _.object(_.pluck(items, \"_id\"), items);","    if (success != null) {","      return success();","    }","  };","","  return Collection;","","})();",""],"l":{"1":1,"3":1,"5":1,"6":1,"7":0,"8":0,"9":0,"12":1,"13":0,"14":0,"15":0,"16":0,"17":0,"18":0,"22":1,"23":0,"24":0,"25":0,"26":0,"30":1,"34":1,"35":1,"36":0,"37":0,"38":0,"41":1,"42":0,"44":0,"45":0,"51":1,"52":0,"53":0,"54":0,"56":0,"57":0,"58":0,"63":1,"64":0,"65":0,"66":0,"67":0,"68":0,"69":0,"75":1,"76":0,"77":0,"78":0,"79":0,"80":0,"81":0,"82":0,"84":0,"87":0,"88":0,"90":0,"91":0,"95":1,"96":0,"97":0,"98":0,"99":0,"101":0,"105":0,"106":0,"110":1,"111":0,"112":0,"113":0,"114":0,"116":0,"117":0,"118":0,"120":0,"121":0,"122":0,"123":0,"124":0,"125":0,"126":0,"127":0,"128":0,"131":0,"134":0,"135":0,"141":1,"142":0,"145":1,"146":0,"149":1,"150":0,"151":0,"152":0,"153":0,"154":0,"155":0,"156":0,"158":0,"162":0,"163":0,"167":1,"168":0,"169":0,"170":0,"174":1,"175":0,"176":0,"177":0,"179":0,"180":0,"181":0,"182":0,"185":0,"186":0,"190":1,"191":0,"192":0,"193":0,"194":0,"195":0,"198":0,"199":0,"203":1,"204":0,"205":0,"206":0,"207":0,"208":0,"211":0,"212":0,"213":0,"217":1}},"/home/travis/build/npmtest/node-npmtest-minimongo/node_modules/minimongo/lodash-shim.js":{"path":"/home/travis/build/npmtest/node-npmtest-minimongo/node_modules/minimongo/lodash-shim.js","s":{"1":2},"b":{},"f":{},"fnMap":{},"statementMap":{"1":{"start":{"line":1,"column":0},"end":{"line":1,"column":26}}},"branchMap":{},"code":["module.exports = window._;",""],"l":{"1":2}}}